mode: set
google.golang.org/grpc/transport/transport.go:66.30,68.2 1 0
google.golang.org/grpc/transport/transport.go:82.34,87.2 2 1
google.golang.org/grpc/transport/transport.go:89.34,93.9 4 1
google.golang.org/grpc/transport/transport.go:94.2,95.28 1 1
google.golang.org/grpc/transport/transport.go:96.2,96.10 0 1
google.golang.org/grpc/transport/transport.go:100.29,103.24 3 1
google.golang.org/grpc/transport/transport.go:103.24,104.10 1 1
google.golang.org/grpc/transport/transport.go:105.3,106.29 1 1
google.golang.org/grpc/transport/transport.go:107.3,107.11 0 1
google.golang.org/grpc/transport/transport.go:116.40,118.2 1 1
google.golang.org/grpc/transport/transport.go:132.62,133.18 1 1
google.golang.org/grpc/transport/transport.go:136.2,136.15 1 1
google.golang.org/grpc/transport/transport.go:137.2,137.39 1 1
google.golang.org/grpc/transport/transport.go:141.2,141.9 1 1
google.golang.org/grpc/transport/transport.go:133.18,135.3 1 0
google.golang.org/grpc/transport/transport.go:136.15,136.30 1 1
google.golang.org/grpc/transport/transport.go:137.39,140.3 1 1
google.golang.org/grpc/transport/transport.go:142.2,143.36 1 1
google.golang.org/grpc/transport/transport.go:144.2,147.19 3 1
google.golang.org/grpc/transport/transport.go:150.3,151.24 2 1
google.golang.org/grpc/transport/transport.go:147.19,149.4 1 1
google.golang.org/grpc/transport/transport.go:207.48,208.9 1 1
google.golang.org/grpc/transport/transport.go:209.2,210.38 1 1
google.golang.org/grpc/transport/transport.go:211.2,212.30 1 1
google.golang.org/grpc/transport/transport.go:219.40,223.2 3 1
google.golang.org/grpc/transport/transport.go:227.52,229.2 1 1
google.golang.org/grpc/transport/transport.go:232.44,234.2 1 1
google.golang.org/grpc/transport/transport.go:237.47,239.2 1 1
google.golang.org/grpc/transport/transport.go:242.34,244.2 1 1
google.golang.org/grpc/transport/transport.go:247.42,249.2 1 1
google.golang.org/grpc/transport/transport.go:252.38,254.2 1 1
google.golang.org/grpc/transport/transport.go:262.51,265.22 3 1
google.golang.org/grpc/transport/transport.go:268.2,269.12 2 1
google.golang.org/grpc/transport/transport.go:265.22,267.3 1 0
google.golang.org/grpc/transport/transport.go:272.35,274.2 1 1
google.golang.org/grpc/transport/transport.go:280.52,282.16 2 1
google.golang.org/grpc/transport/transport.go:285.2,286.8 2 1
google.golang.org/grpc/transport/transport.go:282.16,284.3 1 1
google.golang.org/grpc/transport/transport.go:296.80,298.2 1 1
google.golang.org/grpc/transport/transport.go:301.66,304.2 2 1
google.golang.org/grpc/transport/transport.go:317.132,319.2 1 1
google.golang.org/grpc/transport/transport.go:335.87,337.2 1 1
google.golang.org/grpc/transport/transport.go:404.78,409.2 1 1
google.golang.org/grpc/transport/transport.go:412.72,416.2 1 1
google.golang.org/grpc/transport/transport.go:424.41,426.2 1 1
google.golang.org/grpc/transport/transport.go:437.37,439.2 1 1
google.golang.org/grpc/transport/transport.go:442.40,443.13 1 1
google.golang.org/grpc/transport/transport.go:449.2,449.69 1 0
google.golang.org/grpc/transport/transport.go:444.2,445.57 1 1
google.golang.org/grpc/transport/transport.go:446.2,447.49 1 1
google.golang.org/grpc/transport/transport.go:456.90,457.9 1 1
google.golang.org/grpc/transport/transport.go:458.2,459.34 1 1
google.golang.org/grpc/transport/transport.go:460.2,461.27 1 1
google.golang.org/grpc/transport/transport.go:462.2,463.16 1 1
google.golang.org/grpc/call.go:51.125,55.16 3 1
google.golang.org/grpc/call.go:58.2,59.6 2 1
google.golang.org/grpc/call.go:67.2,68.12 2 1
google.golang.org/grpc/call.go:55.16,57.3 1 1
google.golang.org/grpc/call.go:59.6,60.46 1 1
google.golang.org/grpc/call.go:60.46,61.21 1 1
google.golang.org/grpc/call.go:64.4,64.14 1 1
google.golang.org/grpc/call.go:61.21,62.10 1 1
google.golang.org/grpc/call.go:72.185,74.16 2 1
google.golang.org/grpc/call.go:77.2,77.15 1 1
google.golang.org/grpc/call.go:85.2,86.16 2 1
google.golang.org/grpc/call.go:89.2,90.16 2 1
google.golang.org/grpc/call.go:94.2,94.20 1 1
google.golang.org/grpc/call.go:74.16,76.3 1 1
google.golang.org/grpc/call.go:77.15,78.17 1 1
google.golang.org/grpc/call.go:78.17,79.53 1 1
google.golang.org/grpc/call.go:79.53,81.5 1 0
google.golang.org/grpc/call.go:86.16,88.3 1 0
google.golang.org/grpc/call.go:90.16,92.3 1 1
google.golang.org/grpc/call.go:107.122,109.25 2 1
google.golang.org/grpc/call.go:114.2,114.15 1 1
google.golang.org/grpc/call.go:119.2,119.19 1 1
google.golang.org/grpc/call.go:135.2,142.6 3 1
google.golang.org/grpc/call.go:109.25,110.38 1 1
google.golang.org/grpc/call.go:110.38,112.4 1 0
google.golang.org/grpc/call.go:114.15,115.26 1 1
google.golang.org/grpc/call.go:115.26,117.4 1 1
google.golang.org/grpc/call.go:119.19,123.41 4 1
google.golang.org/grpc/call.go:126.3,128.16 2 1
google.golang.org/grpc/call.go:123.41,125.4 1 1
google.golang.org/grpc/call.go:128.16,129.18 1 1
google.golang.org/grpc/call.go:129.18,132.5 2 1
google.golang.org/grpc/call.go:142.6,149.35 2 1
google.golang.org/grpc/call.go:152.3,157.17 3 1
google.golang.org/grpc/call.go:164.3,164.28 1 1
google.golang.org/grpc/call.go:167.3,168.17 2 1
google.golang.org/grpc/call.go:179.3,180.55 2 1
google.golang.org/grpc/call.go:183.3,183.28 1 1
google.golang.org/grpc/call.go:186.3,187.21 2 1
google.golang.org/grpc/call.go:190.3,190.58 1 1
google.golang.org/grpc/call.go:149.35,151.4 1 0
google.golang.org/grpc/call.go:157.17,158.22 1 1
google.golang.org/grpc/call.go:162.4,162.24 1 1
google.golang.org/grpc/call.go:158.22,161.5 1 1
google.golang.org/grpc/call.go:164.28,166.4 1 1
google.golang.org/grpc/call.go:168.17,169.52 1 1
google.golang.org/grpc/call.go:173.4,173.22 1 1
google.golang.org/grpc/call.go:176.4,176.24 1 1
google.golang.org/grpc/call.go:169.52,171.13 2 1
google.golang.org/grpc/call.go:173.22,175.5 1 0
google.golang.org/grpc/call.go:180.55,181.12 1 1
google.golang.org/grpc/call.go:183.28,185.4 1 1
google.golang.org/grpc/call.go:187.21,189.4 1 1
google.golang.org/grpc/clientconn.go:86.36,87.30 1 0
google.golang.org/grpc/clientconn.go:87.30,89.3 1 0
google.golang.org/grpc/clientconn.go:92.38,93.30 1 0
google.golang.org/grpc/clientconn.go:93.30,95.3 1 0
google.golang.org/grpc/clientconn.go:101.29,102.30 1 1
google.golang.org/grpc/clientconn.go:102.30,104.3 1 1
google.golang.org/grpc/clientconn.go:107.32,108.30 1 1
google.golang.org/grpc/clientconn.go:108.30,110.3 1 1
google.golang.org/grpc/clientconn.go:115.84,116.30 1 1
google.golang.org/grpc/clientconn.go:116.30,118.3 1 1
google.golang.org/grpc/clientconn.go:123.70,124.30 1 0
google.golang.org/grpc/clientconn.go:124.30,126.3 1 0
google.golang.org/grpc/clientconn.go:130.46,131.30 1 1
google.golang.org/grpc/clientconn.go:131.30,133.3 1 1
google.golang.org/grpc/clientconn.go:137.90,138.30 1 1
google.golang.org/grpc/clientconn.go:138.30,140.3 1 1
google.golang.org/grpc/clientconn.go:144.41,145.30 1 1
google.golang.org/grpc/clientconn.go:145.30,147.3 1 1
google.golang.org/grpc/clientconn.go:151.67,155.27 2 1
google.golang.org/grpc/clientconn.go:158.2,158.27 1 1
google.golang.org/grpc/clientconn.go:162.2,162.28 1 1
google.golang.org/grpc/clientconn.go:167.2,167.49 1 1
google.golang.org/grpc/clientconn.go:170.2,171.20 2 1
google.golang.org/grpc/clientconn.go:174.2,175.16 2 1
google.golang.org/grpc/clientconn.go:155.27,157.3 1 1
google.golang.org/grpc/clientconn.go:158.27,161.3 1 1
google.golang.org/grpc/clientconn.go:162.28,166.3 1 1
google.golang.org/grpc/clientconn.go:167.49,169.3 1 0
google.golang.org/grpc/clientconn.go:171.20,173.3 1 1
google.golang.org/grpc/clientconn.go:194.44,195.11 1 0
google.golang.org/grpc/clientconn.go:196.2,197.16 1 0
google.golang.org/grpc/clientconn.go:198.2,199.22 1 0
google.golang.org/grpc/clientconn.go:200.2,201.17 1 0
google.golang.org/grpc/clientconn.go:202.2,203.29 1 0
google.golang.org/grpc/clientconn.go:204.2,205.20 1 0
google.golang.org/grpc/clientconn.go:206.2,207.58 1 0
google.golang.org/grpc/clientconn.go:220.58,222.2 1 1
google.golang.org/grpc/clientconn.go:227.121,229.2 1 1
google.golang.org/grpc/clientconn.go:232.37,234.2 1 1
google.golang.org/grpc/clientconn.go:254.45,255.21 1 1
google.golang.org/grpc/clientconn.go:258.2,264.19 2 1
google.golang.org/grpc/clientconn.go:267.2,267.23 1 1
google.golang.org/grpc/clientconn.go:285.2,286.19 2 1
google.golang.org/grpc/clientconn.go:304.2,304.15 1 1
google.golang.org/grpc/clientconn.go:255.21,257.3 1 0
google.golang.org/grpc/clientconn.go:264.19,266.3 1 1
google.golang.org/grpc/clientconn.go:267.23,269.48 2 1
google.golang.org/grpc/clientconn.go:275.3,275.10 1 1
google.golang.org/grpc/clientconn.go:269.48,270.61 1 1
google.golang.org/grpc/clientconn.go:273.4,273.13 1 1
google.golang.org/grpc/clientconn.go:270.61,271.13 1 0
google.golang.org/grpc/clientconn.go:275.10,277.4 1 0
google.golang.org/grpc/clientconn.go:278.3,279.48 1 1
google.golang.org/grpc/clientconn.go:279.48,280.37 1 0
google.golang.org/grpc/clientconn.go:280.37,282.5 1 0
google.golang.org/grpc/clientconn.go:286.19,287.49 1 1
google.golang.org/grpc/clientconn.go:292.3,292.26 1 1
google.golang.org/grpc/clientconn.go:287.49,290.4 2 0
google.golang.org/grpc/clientconn.go:293.3,295.13 1 1
google.golang.org/grpc/clientconn.go:295.13,296.50 1 1
google.golang.org/grpc/clientconn.go:301.4,301.24 1 1
google.golang.org/grpc/clientconn.go:296.50,300.5 3 1
google.golang.org/grpc/clientconn.go:309.57,310.22 1 1
google.golang.org/grpc/clientconn.go:310.22,312.3 1 1
google.golang.org/grpc/clientconn.go:317.57,318.22 1 1
google.golang.org/grpc/clientconn.go:318.22,320.3 1 1
google.golang.org/grpc/clientconn.go:324.43,328.2 3 1
google.golang.org/grpc/clientconn.go:331.115,334.29 3 1
google.golang.org/grpc/clientconn.go:337.2,339.12 3 1
google.golang.org/grpc/clientconn.go:349.2,350.30 2 1
google.golang.org/grpc/clientconn.go:356.2,356.22 1 1
google.golang.org/grpc/clientconn.go:334.29,336.3 1 1
google.golang.org/grpc/clientconn.go:339.12,340.10 1 1
google.golang.org/grpc/clientconn.go:341.3,345.18 4 1
google.golang.org/grpc/clientconn.go:346.3,346.15 0 1
google.golang.org/grpc/clientconn.go:350.30,352.17 2 1
google.golang.org/grpc/clientconn.go:352.17,354.4 1 1
google.golang.org/grpc/clientconn.go:361.31,362.9 1 0
google.golang.org/grpc/clientconn.go:363.2,363.25 0 0
google.golang.org/grpc/clientconn.go:364.2,364.10 0 0
google.golang.org/grpc/clientconn.go:368.59,371.6 3 1
google.golang.org/grpc/clientconn.go:371.6,374.27 3 1
google.golang.org/grpc/clientconn.go:379.3,382.21 4 1
google.golang.org/grpc/clientconn.go:386.3,387.24 2 1
google.golang.org/grpc/clientconn.go:391.3,391.24 1 1
google.golang.org/grpc/clientconn.go:398.3,400.34 3 1
google.golang.org/grpc/clientconn.go:403.3,403.52 1 1
google.golang.org/grpc/clientconn.go:406.3,409.17 4 1
google.golang.org/grpc/clientconn.go:412.3,412.17 1 1
google.golang.org/grpc/clientconn.go:445.3,447.27 3 1
google.golang.org/grpc/clientconn.go:453.3,456.22 4 1
google.golang.org/grpc/clientconn.go:460.3,461.13 2 1
google.golang.org/grpc/clientconn.go:374.27,378.4 2 1
google.golang.org/grpc/clientconn.go:382.21,384.4 1 1
google.golang.org/grpc/clientconn.go:387.24,390.4 2 0
google.golang.org/grpc/clientconn.go:391.24,393.26 2 1
google.golang.org/grpc/clientconn.go:393.26,396.5 2 0
google.golang.org/grpc/clientconn.go:400.34,402.4 1 1
google.golang.org/grpc/clientconn.go:403.52,405.4 1 1
google.golang.org/grpc/clientconn.go:409.17,411.4 1 1
google.golang.org/grpc/clientconn.go:412.17,414.28 2 1
google.golang.org/grpc/clientconn.go:419.4,422.23 4 1
google.golang.org/grpc/clientconn.go:426.4,428.21 3 1
google.golang.org/grpc/clientconn.go:432.4,432.90 1 1
google.golang.org/grpc/clientconn.go:439.4,443.12 5 1
google.golang.org/grpc/clientconn.go:414.28,418.5 2 1
google.golang.org/grpc/clientconn.go:422.23,425.5 2 1
google.golang.org/grpc/clientconn.go:428.21,430.5 1 0
google.golang.org/grpc/clientconn.go:432.90,438.5 5 1
google.golang.org/grpc/clientconn.go:447.27,452.4 3 0
google.golang.org/grpc/clientconn.go:456.22,459.4 2 1
google.golang.org/grpc/clientconn.go:465.34,467.26 2 1
google.golang.org/grpc/clientconn.go:472.2,475.48 4 1
google.golang.org/grpc/clientconn.go:483.2,483.13 1 1
google.golang.org/grpc/clientconn.go:467.26,471.3 2 0
google.golang.org/grpc/clientconn.go:475.48,482.3 5 1
google.golang.org/grpc/clientconn.go:488.36,489.6 1 1
google.golang.org/grpc/clientconn.go:489.6,490.10 1 1
google.golang.org/grpc/clientconn.go:493.3,494.10 1 1
google.golang.org/grpc/clientconn.go:495.3,496.23 1 0
google.golang.org/grpc/clientconn.go:499.3,500.23 1 1
google.golang.org/grpc/clientconn.go:504.4,504.11 1 1
google.golang.org/grpc/clientconn.go:496.23,498.5 1 0
google.golang.org/grpc/clientconn.go:500.23,502.5 1 1
google.golang.org/grpc/clientconn.go:505.4,505.24 0 0
google.golang.org/grpc/clientconn.go:506.4,506.12 0 1
google.golang.org/grpc/clientconn.go:513.78,514.6 1 1
google.golang.org/grpc/clientconn.go:514.6,516.10 2 1
google.golang.org/grpc/clientconn.go:517.3,519.36 2 1
google.golang.org/grpc/clientconn.go:520.3,522.28 2 1
google.golang.org/grpc/clientconn.go:523.3,525.20 2 1
google.golang.org/grpc/clientconn.go:529.4,530.11 2 1
google.golang.org/grpc/clientconn.go:525.20,528.5 2 1
google.golang.org/grpc/clientconn.go:531.4,532.48 1 1
google.golang.org/grpc/clientconn.go:534.4,534.17 0 1
google.golang.org/grpc/clientconn.go:545.31,548.26 3 1
google.golang.org/grpc/clientconn.go:551.2,553.22 3 1
google.golang.org/grpc/clientconn.go:557.2,557.21 1 1
google.golang.org/grpc/clientconn.go:561.2,561.25 1 1
google.golang.org/grpc/clientconn.go:564.2,564.28 1 1
google.golang.org/grpc/clientconn.go:567.2,567.12 1 1
google.golang.org/grpc/clientconn.go:548.26,550.3 1 1
google.golang.org/grpc/clientconn.go:553.22,556.3 2 1
google.golang.org/grpc/clientconn.go:557.21,560.3 2 1
google.golang.org/grpc/clientconn.go:561.25,563.3 1 1
google.golang.org/grpc/clientconn.go:564.28,566.3 1 1
google.golang.org/grpc/transport/http2_server.go:93.117,99.21 3 1
google.golang.org/grpc/transport/http2_server.go:104.2,104.44 1 1
google.golang.org/grpc/transport/http2_server.go:107.2,107.64 1 1
google.golang.org/grpc/transport/http2_server.go:111.2,111.75 1 1
google.golang.org/grpc/transport/http2_server.go:116.2,135.15 5 1
google.golang.org/grpc/transport/http2_server.go:99.21,101.3 1 0
google.golang.org/grpc/transport/http2_server.go:101.3,103.3 1 1
google.golang.org/grpc/transport/http2_server.go:104.44,106.3 1 0
google.golang.org/grpc/transport/http2_server.go:107.64,109.3 1 0
google.golang.org/grpc/transport/http2_server.go:111.75,112.66 1 1
google.golang.org/grpc/transport/http2_server.go:112.66,114.4 1 0
google.golang.org/grpc/transport/http2_server.go:141.150,142.15 1 1
google.golang.org/grpc/transport/http2_server.go:147.2,148.14 2 1
google.golang.org/grpc/transport/http2_server.go:152.2,152.16 1 1
google.golang.org/grpc/transport/http2_server.go:159.2,159.15 1 1
google.golang.org/grpc/transport/http2_server.go:163.2,163.17 1 1
google.golang.org/grpc/transport/http2_server.go:166.2,166.27 1 1
google.golang.org/grpc/transport/http2_server.go:172.2,172.23 1 1
google.golang.org/grpc/transport/http2_server.go:178.2,180.31 2 1
google.golang.org/grpc/transport/http2_server.go:184.2,190.26 4 1
google.golang.org/grpc/transport/http2_server.go:194.2,194.50 1 1
google.golang.org/grpc/transport/http2_server.go:199.2,202.32 4 1
google.golang.org/grpc/transport/http2_server.go:205.2,206.12 2 1
google.golang.org/grpc/transport/http2_server.go:142.15,143.27 1 1
google.golang.org/grpc/transport/http2_server.go:143.27,145.4 1 1
google.golang.org/grpc/transport/http2_server.go:148.14,151.3 1 0
google.golang.org/grpc/transport/http2_server.go:152.16,154.38 2 0
google.golang.org/grpc/transport/http2_server.go:157.3,157.13 1 0
google.golang.org/grpc/transport/http2_server.go:154.38,156.4 1 0
google.golang.org/grpc/transport/http2_server.go:159.15,162.3 1 0
google.golang.org/grpc/transport/http2_server.go:163.17,165.3 1 0
google.golang.org/grpc/transport/http2_server.go:166.27,168.3 1 1
google.golang.org/grpc/transport/http2_server.go:168.3,170.3 1 1
google.golang.org/grpc/transport/http2_server.go:172.23,174.3 1 1
google.golang.org/grpc/transport/http2_server.go:180.31,182.3 1 1
google.golang.org/grpc/transport/http2_server.go:190.26,193.3 2 0
google.golang.org/grpc/transport/http2_server.go:194.50,198.3 3 1
google.golang.org/grpc/transport/http2_server.go:202.32,204.3 1 1
google.golang.org/grpc/transport/http2_server.go:211.59,214.56 2 1
google.golang.org/grpc/transport/http2_server.go:219.2,219.42 1 1
google.golang.org/grpc/transport/http2_server.go:225.2,226.16 2 1
google.golang.org/grpc/transport/http2_server.go:231.2,232.9 2 1
google.golang.org/grpc/transport/http2_server.go:237.2,241.6 4 1
google.golang.org/grpc/transport/http2_server.go:214.56,218.3 3 0
google.golang.org/grpc/transport/http2_server.go:219.42,223.3 3 0
google.golang.org/grpc/transport/http2_server.go:226.16,230.3 3 0
google.golang.org/grpc/transport/http2_server.go:232.9,236.3 3 0
google.golang.org/grpc/transport/http2_server.go:241.6,243.17 2 1
google.golang.org/grpc/transport/http2_server.go:247.3,247.32 1 1
google.golang.org/grpc/transport/http2_server.go:243.17,246.4 2 1
google.golang.org/grpc/transport/http2_server.go:248.3,250.40 2 1
google.golang.org/grpc/transport/http2_server.go:256.4,269.75 6 1
google.golang.org/grpc/transport/http2_server.go:270.3,271.86 1 0
google.golang.org/grpc/transport/http2_server.go:272.3,273.23 1 1
google.golang.org/grpc/transport/http2_server.go:274.3,275.28 1 1
google.golang.org/grpc/transport/http2_server.go:276.3,277.27 1 1
google.golang.org/grpc/transport/http2_server.go:278.3,279.23 1 0
google.golang.org/grpc/transport/http2_server.go:280.3,281.31 1 1
google.golang.org/grpc/transport/http2_server.go:282.3,283.9 1 0
google.golang.org/grpc/transport/http2_server.go:284.3,285.96 1 0
google.golang.org/grpc/transport/http2_server.go:250.40,254.10 3 0
google.golang.org/grpc/transport/http2_server.go:290.64,293.28 3 1
google.golang.org/grpc/transport/http2_server.go:297.2,298.9 2 1
google.golang.org/grpc/transport/http2_server.go:302.2,302.16 1 1
google.golang.org/grpc/transport/http2_server.go:293.28,296.3 1 0
google.golang.org/grpc/transport/http2_server.go:298.9,301.3 1 1
google.golang.org/grpc/transport/http2_server.go:308.57,310.13 2 1
google.golang.org/grpc/transport/http2_server.go:313.2,313.13 1 1
google.golang.org/grpc/transport/http2_server.go:310.13,312.3 1 1
google.golang.org/grpc/transport/http2_server.go:313.13,315.3 1 1
google.golang.org/grpc/transport/http2_server.go:318.54,321.9 2 1
google.golang.org/grpc/transport/http2_server.go:324.2,325.14 2 1
google.golang.org/grpc/transport/http2_server.go:343.2,343.51 1 1
google.golang.org/grpc/transport/http2_server.go:321.9,323.3 1 0
google.golang.org/grpc/transport/http2_server.go:325.14,326.51 1 1
google.golang.org/grpc/transport/http2_server.go:339.3,341.31 3 1
google.golang.org/grpc/transport/http2_server.go:326.51,327.42 1 0
google.golang.org/grpc/transport/http2_server.go:332.4,334.10 3 0
google.golang.org/grpc/transport/http2_server.go:327.42,331.5 3 0
google.golang.org/grpc/transport/http2_server.go:343.51,346.28 2 1
google.golang.org/grpc/transport/http2_server.go:353.3,354.32 2 1
google.golang.org/grpc/transport/http2_server.go:346.28,347.34 1 1
google.golang.org/grpc/transport/http2_server.go:347.34,349.5 1 0
google.golang.org/grpc/transport/http2_server.go:349.5,351.5 1 1
google.golang.org/grpc/transport/http2_server.go:358.64,360.9 2 1
google.golang.org/grpc/transport/http2_server.go:363.2,363.18 1 1
google.golang.org/grpc/transport/http2_server.go:360.9,362.3 1 1
google.golang.org/grpc/transport/http2_server.go:366.62,367.15 1 1
google.golang.org/grpc/transport/http2_server.go:370.2,371.47 2 1
google.golang.org/grpc/transport/http2_server.go:376.2,376.48 1 1
google.golang.org/grpc/transport/http2_server.go:367.15,369.3 1 1
google.golang.org/grpc/transport/http2_server.go:371.47,374.3 2 0
google.golang.org/grpc/transport/http2_server.go:379.54,383.2 3 0
google.golang.org/grpc/transport/http2_server.go:385.70,388.13 3 1
google.golang.org/grpc/transport/http2_server.go:392.2,392.33 1 1
google.golang.org/grpc/transport/http2_server.go:388.13,391.3 2 1
google.golang.org/grpc/transport/http2_server.go:392.33,394.3 1 1
google.golang.org/grpc/transport/http2_server.go:397.86,402.18 4 1
google.golang.org/grpc/transport/http2_server.go:426.2,426.12 1 1
google.golang.org/grpc/transport/http2_server.go:402.18,404.30 2 1
google.golang.org/grpc/transport/http2_server.go:409.3,409.12 1 1
google.golang.org/grpc/transport/http2_server.go:421.3,421.17 1 1
google.golang.org/grpc/transport/http2_server.go:404.30,406.4 1 0
google.golang.org/grpc/transport/http2_server.go:406.4,408.4 1 1
google.golang.org/grpc/transport/http2_server.go:409.12,418.4 3 1
google.golang.org/grpc/transport/http2_server.go:418.4,420.4 1 0
google.golang.org/grpc/transport/http2_server.go:421.17,424.4 2 1
google.golang.org/grpc/transport/http2_server.go:430.68,432.41 2 1
google.golang.org/grpc/transport/http2_server.go:436.2,438.71 3 1
google.golang.org/grpc/transport/http2_server.go:441.2,444.23 4 1
google.golang.org/grpc/transport/http2_server.go:449.2,449.57 1 1
google.golang.org/grpc/transport/http2_server.go:452.2,453.12 2 1
google.golang.org/grpc/transport/http2_server.go:432.41,435.3 2 0
google.golang.org/grpc/transport/http2_server.go:438.71,440.3 1 0
google.golang.org/grpc/transport/http2_server.go:444.23,445.27 1 1
google.golang.org/grpc/transport/http2_server.go:445.27,447.4 1 1
google.golang.org/grpc/transport/http2_server.go:449.57,451.3 1 0
google.golang.org/grpc/transport/http2_server.go:460.94,463.27 3 1
google.golang.org/grpc/transport/http2_server.go:467.2,467.16 1 1
google.golang.org/grpc/transport/http2_server.go:470.2,471.71 2 1
google.golang.org/grpc/transport/http2_server.go:474.2,475.18 2 1
google.golang.org/grpc/transport/http2_server.go:479.2,486.30 3 1
google.golang.org/grpc/transport/http2_server.go:491.2,491.56 1 1
google.golang.org/grpc/transport/http2_server.go:495.2,497.12 3 1
google.golang.org/grpc/transport/http2_server.go:463.27,466.3 2 1
google.golang.org/grpc/transport/http2_server.go:467.16,469.3 1 1
google.golang.org/grpc/transport/http2_server.go:471.71,473.3 1 1
google.golang.org/grpc/transport/http2_server.go:475.18,478.3 2 1
google.golang.org/grpc/transport/http2_server.go:486.30,487.27 1 1
google.golang.org/grpc/transport/http2_server.go:487.27,489.4 1 1
google.golang.org/grpc/transport/http2_server.go:491.56,494.3 2 1
google.golang.org/grpc/transport/http2_server.go:502.74,506.17 3 1
google.golang.org/grpc/transport/http2_server.go:510.2,511.22 2 1
google.golang.org/grpc/transport/http2_server.go:529.2,530.6 2 1
google.golang.org/grpc/transport/http2_server.go:506.17,509.3 2 1
google.golang.org/grpc/transport/http2_server.go:511.22,512.72 1 1
google.golang.org/grpc/transport/http2_server.go:515.3,523.57 5 1
google.golang.org/grpc/transport/http2_server.go:527.3,527.22 1 1
google.golang.org/grpc/transport/http2_server.go:512.72,514.4 1 1
google.golang.org/grpc/transport/http2_server.go:523.57,526.4 2 1
google.golang.org/grpc/transport/http2_server.go:530.6,531.19 1 1
google.golang.org/grpc/transport/http2_server.go:534.3,538.17 4 1
google.golang.org/grpc/transport/http2_server.go:541.3,544.17 3 1
google.golang.org/grpc/transport/http2_server.go:550.3,550.16 1 1
google.golang.org/grpc/transport/http2_server.go:553.3,553.16 1 1
google.golang.org/grpc/transport/http2_server.go:556.3,558.14 3 1
google.golang.org/grpc/transport/http2_server.go:562.3,562.14 1 1
google.golang.org/grpc/transport/http2_server.go:566.3,569.72 2 1
google.golang.org/grpc/transport/http2_server.go:579.3,580.70 2 1
google.golang.org/grpc/transport/http2_server.go:583.3,583.72 1 1
google.golang.org/grpc/transport/http2_server.go:587.3,587.41 1 1
google.golang.org/grpc/transport/http2_server.go:590.3,590.22 1 1
google.golang.org/grpc/transport/http2_server.go:531.19,533.4 1 1
google.golang.org/grpc/transport/http2_server.go:538.17,540.4 1 1
google.golang.org/grpc/transport/http2_server.go:544.17,545.38 1 1
google.golang.org/grpc/transport/http2_server.go:548.4,548.14 1 1
google.golang.org/grpc/transport/http2_server.go:545.38,547.5 1 1
google.golang.org/grpc/transport/http2_server.go:550.16,552.4 1 1
google.golang.org/grpc/transport/http2_server.go:553.16,555.4 1 0
google.golang.org/grpc/transport/http2_server.go:558.14,561.4 1 1
google.golang.org/grpc/transport/http2_server.go:562.14,565.4 1 1
google.golang.org/grpc/transport/http2_server.go:569.72,570.42 1 1
google.golang.org/grpc/transport/http2_server.go:577.4,577.14 1 1
google.golang.org/grpc/transport/http2_server.go:570.42,576.5 1 1
google.golang.org/grpc/transport/http2_server.go:580.70,582.4 1 1
google.golang.org/grpc/transport/http2_server.go:583.72,586.4 2 0
google.golang.org/grpc/transport/http2_server.go:587.41,589.4 1 1
google.golang.org/grpc/transport/http2_server.go:595.57,596.23 1 1
google.golang.org/grpc/transport/http2_server.go:596.23,597.45 1 0
google.golang.org/grpc/transport/http2_server.go:597.45,600.43 3 0
google.golang.org/grpc/transport/http2_server.go:603.4,603.29 1 0
google.golang.org/grpc/transport/http2_server.go:600.43,602.5 1 0
google.golang.org/grpc/transport/http2_server.go:611.36,612.6 1 1
google.golang.org/grpc/transport/http2_server.go:612.6,613.10 1 1
google.golang.org/grpc/transport/http2_server.go:614.3,616.11 2 1
google.golang.org/grpc/transport/http2_server.go:642.3,643.10 1 1
google.golang.org/grpc/transport/http2_server.go:617.4,618.26 1 1
google.golang.org/grpc/transport/http2_server.go:637.5,638.13 2 1
google.golang.org/grpc/transport/http2_server.go:639.4,640.11 1 0
google.golang.org/grpc/transport/http2_server.go:619.5,620.63 1 1
google.golang.org/grpc/transport/http2_server.go:621.5,622.15 1 1
google.golang.org/grpc/transport/http2_server.go:628.5,629.55 1 1
google.golang.org/grpc/transport/http2_server.go:630.5,631.27 1 0
google.golang.org/grpc/transport/http2_server.go:632.5,633.45 1 0
google.golang.org/grpc/transport/http2_server.go:634.5,635.90 1 0
google.golang.org/grpc/transport/http2_server.go:622.15,625.7 2 1
google.golang.org/grpc/transport/http2_server.go:625.7,627.7 1 0
google.golang.org/grpc/transport/http2_server.go:651.43,653.24 2 1
google.golang.org/grpc/transport/http2_server.go:657.2,664.28 7 1
google.golang.org/grpc/transport/http2_server.go:667.2,667.8 1 1
google.golang.org/grpc/transport/http2_server.go:653.24,656.3 2 1
google.golang.org/grpc/transport/http2_server.go:664.28,666.3 1 1
google.golang.org/grpc/transport/http2_server.go:672.46,676.36 4 1
google.golang.org/grpc/transport/http2_server.go:679.2,680.27 2 1
google.golang.org/grpc/transport/http2_server.go:684.2,689.12 3 1
google.golang.org/grpc/transport/http2_server.go:676.36,678.3 1 0
google.golang.org/grpc/transport/http2_server.go:680.27,683.3 2 0
google.golang.org/grpc/transport/http2_server.go:692.45,694.2 1 1
google.golang.org/grpc/server.go:102.44,103.26 1 0
google.golang.org/grpc/server.go:103.26,105.3 1 0
google.golang.org/grpc/server.go:110.50,111.26 1 1
google.golang.org/grpc/server.go:111.26,113.3 1 1
google.golang.org/grpc/server.go:117.52,118.26 1 1
google.golang.org/grpc/server.go:118.26,120.3 1 1
google.golang.org/grpc/server.go:125.45,127.24 2 1
google.golang.org/grpc/server.go:130.2,130.23 1 1
google.golang.org/grpc/server.go:134.2,140.19 2 1
google.golang.org/grpc/server.go:144.2,144.10 1 1
google.golang.org/grpc/server.go:127.24,129.3 1 1
google.golang.org/grpc/server.go:130.23,133.3 1 1
google.golang.org/grpc/server.go:140.19,143.3 2 1
google.golang.org/grpc/server.go:149.58,150.21 1 1
google.golang.org/grpc/server.go:150.21,152.3 1 1
google.golang.org/grpc/server.go:157.58,158.21 1 0
google.golang.org/grpc/server.go:158.21,160.3 1 0
google.golang.org/grpc/server.go:166.67,169.24 3 1
google.golang.org/grpc/server.go:172.2,172.20 1 1
google.golang.org/grpc/server.go:169.24,171.3 1 0
google.golang.org/grpc/server.go:175.60,179.38 4 1
google.golang.org/grpc/server.go:182.2,187.28 2 1
google.golang.org/grpc/server.go:191.2,191.28 1 1
google.golang.org/grpc/server.go:195.2,195.27 1 1
google.golang.org/grpc/server.go:179.38,181.3 1 0
google.golang.org/grpc/server.go:187.28,190.3 2 1
google.golang.org/grpc/server.go:191.28,194.3 2 1
google.golang.org/grpc/server.go:208.48,211.18 3 1
google.golang.org/grpc/server.go:215.2,217.15 3 1
google.golang.org/grpc/server.go:223.2,223.6 1 1
google.golang.org/grpc/server.go:211.18,214.3 2 1
google.golang.org/grpc/server.go:217.15,222.3 4 1
google.golang.org/grpc/server.go:223.6,225.17 2 1
google.golang.org/grpc/server.go:231.3,232.73 2 1
google.golang.org/grpc/server.go:244.3,245.21 2 1
google.golang.org/grpc/server.go:250.3,251.17 2 1
google.golang.org/grpc/server.go:258.3,261.13 3 1
google.golang.org/grpc/server.go:225.17,230.4 4 1
google.golang.org/grpc/server.go:232.73,235.18 3 1
google.golang.org/grpc/server.go:242.4,242.12 1 1
google.golang.org/grpc/server.go:235.18,240.13 5 0
google.golang.org/grpc/server.go:245.21,249.4 3 1
google.golang.org/grpc/server.go:251.17,256.12 5 0
google.golang.org/grpc/server.go:261.13,263.52 2 1
google.golang.org/grpc/server.go:282.4,285.17 4 1
google.golang.org/grpc/server.go:263.52,265.22 2 1
google.golang.org/grpc/server.go:276.5,277.15 2 1
google.golang.org/grpc/server.go:265.22,272.51 5 1
google.golang.org/grpc/server.go:272.51,274.7 1 1
google.golang.org/grpc/server.go:277.15,280.6 2 1
google.golang.org/grpc/server.go:290.152,292.16 2 1
google.golang.org/grpc/server.go:302.2,302.33 1 1
google.golang.org/grpc/server.go:292.16,301.3 1 0
google.golang.org/grpc/server.go:305.150,306.19 1 1
google.golang.org/grpc/server.go:317.2,318.6 2 1
google.golang.org/grpc/server.go:306.19,310.16 4 1
google.golang.org/grpc/server.go:310.16,311.35 1 1
google.golang.org/grpc/server.go:311.35,314.5 2 1
google.golang.org/grpc/server.go:318.6,320.20 2 1
google.golang.org/grpc/server.go:324.3,324.17 1 1
google.golang.org/grpc/server.go:337.3,337.13 1 1
google.golang.org/grpc/server.go:320.20,323.4 1 0
google.golang.org/grpc/server.go:324.17,325.29 1 0
google.golang.org/grpc/server.go:335.4,335.14 1 0
google.golang.org/grpc/server.go:326.4,326.35 0 0
google.golang.org/grpc/server.go:328.4,329.69 1 0
google.golang.org/grpc/server.go:332.4,333.81 1 0
google.golang.org/grpc/server.go:329.69,331.6 1 0
google.golang.org/grpc/server.go:338.3,341.36 3 1
google.golang.org/grpc/server.go:350.4,351.21 2 1
google.golang.org/grpc/server.go:370.4,370.21 1 1
google.golang.org/grpc/server.go:373.4,377.82 2 1
google.golang.org/grpc/server.go:390.4,390.21 1 1
google.golang.org/grpc/server.go:393.4,393.56 1 1
google.golang.org/grpc/server.go:394.3,395.64 1 0
google.golang.org/grpc/server.go:341.36,342.58 1 1
google.golang.org/grpc/server.go:345.5,345.22 1 1
google.golang.org/grpc/server.go:348.5,348.15 1 1
google.golang.org/grpc/server.go:342.58,344.6 1 0
google.golang.org/grpc/server.go:345.22,347.6 1 1
google.golang.org/grpc/server.go:351.21,352.41 1 1
google.golang.org/grpc/server.go:359.5,359.48 1 1
google.golang.org/grpc/server.go:364.5,364.73 1 1
google.golang.org/grpc/server.go:368.5,368.15 1 1
google.golang.org/grpc/server.go:352.41,355.6 2 1
google.golang.org/grpc/server.go:355.6,358.6 2 0
google.golang.org/grpc/server.go:359.48,362.6 2 1
google.golang.org/grpc/server.go:364.73,367.6 2 0
google.golang.org/grpc/server.go:370.21,372.5 1 1
google.golang.org/grpc/server.go:377.82,378.30 1 1
google.golang.org/grpc/server.go:388.5,388.15 1 1
google.golang.org/grpc/server.go:379.5,379.36 0 1
google.golang.org/grpc/server.go:381.5,383.27 2 1
google.golang.org/grpc/server.go:384.5,386.30 2 0
google.golang.org/grpc/server.go:390.21,392.5 1 1
google.golang.org/grpc/server.go:400.154,408.19 2 1
google.golang.org/grpc/server.go:421.2,421.57 1 1
google.golang.org/grpc/server.go:430.2,430.19 1 1
google.golang.org/grpc/server.go:440.2,440.58 1 1
google.golang.org/grpc/server.go:408.19,410.16 2 1
google.golang.org/grpc/server.go:410.16,412.35 2 1
google.golang.org/grpc/server.go:416.4,418.18 3 1
google.golang.org/grpc/server.go:412.35,415.5 2 1
google.golang.org/grpc/server.go:421.57,422.39 1 1
google.golang.org/grpc/server.go:422.39,425.4 2 1
google.golang.org/grpc/server.go:425.4,428.4 2 1
google.golang.org/grpc/server.go:430.19,432.32 2 1
google.golang.org/grpc/server.go:438.3,438.17 1 1
google.golang.org/grpc/server.go:432.32,435.4 2 1
google.golang.org/grpc/server.go:435.4,437.4 1 1
google.golang.org/grpc/server.go:444.105,446.30 2 1
google.golang.org/grpc/server.go:449.2,450.15 2 1
google.golang.org/grpc/server.go:467.2,470.9 4 1
google.golang.org/grpc/server.go:488.2,488.34 1 1
google.golang.org/grpc/server.go:492.2,492.34 1 1
google.golang.org/grpc/server.go:496.2,496.19 1 0
google.golang.org/grpc/server.go:500.2,500.109 1 0
google.golang.org/grpc/server.go:507.2,507.19 1 0
google.golang.org/grpc/server.go:446.30,448.3 1 1
google.golang.org/grpc/server.go:450.15,451.20 1 0
google.golang.org/grpc/server.go:455.3,455.129 1 0
google.golang.org/grpc/server.go:462.3,462.20 1 0
google.golang.org/grpc/server.go:465.3,465.9 1 0
google.golang.org/grpc/server.go:451.20,454.4 2 0
google.golang.org/grpc/server.go:455.129,456.21 1 0
google.golang.org/grpc/server.go:460.4,460.79 1 0
google.golang.org/grpc/server.go:456.21,459.5 2 0
google.golang.org/grpc/server.go:462.20,464.4 1 0
google.golang.org/grpc/server.go:470.9,471.20 1 1
google.golang.org/grpc/server.go:475.3,475.112 1 1
google.golang.org/grpc/server.go:482.3,482.20 1 1
google.golang.org/grpc/server.go:485.3,485.9 1 1
google.golang.org/grpc/server.go:471.20,474.4 2 1
google.golang.org/grpc/server.go:475.112,476.21 1 0
google.golang.org/grpc/server.go:480.4,480.79 1 0
google.golang.org/grpc/server.go:476.21,479.5 2 0
google.golang.org/grpc/server.go:482.20,484.4 1 1
google.golang.org/grpc/server.go:488.34,491.3 2 1
google.golang.org/grpc/server.go:492.34,495.3 2 1
google.golang.org/grpc/server.go:496.19,499.3 2 0
google.golang.org/grpc/server.go:500.109,501.20 1 0
google.golang.org/grpc/server.go:505.3,505.78 1 0
google.golang.org/grpc/server.go:501.20,504.4 2 0
google.golang.org/grpc/server.go:507.19,509.3 1 0
google.golang.org/grpc/server.go:514.25,521.29 7 1
google.golang.org/grpc/server.go:524.2,524.20 1 1
google.golang.org/grpc/server.go:527.2,528.21 2 1
google.golang.org/grpc/server.go:532.2,532.15 1 1
google.golang.org/grpc/server.go:521.29,523.3 1 1
google.golang.org/grpc/server.go:524.20,526.3 1 1
google.golang.org/grpc/server.go:528.21,531.3 2 1
google.golang.org/grpc/server.go:537.38,539.25 2 1
google.golang.org/grpc/server.go:542.2,543.15 2 1
google.golang.org/grpc/server.go:539.25,541.3 1 1
google.golang.org/grpc/server.go:548.60,549.19 1 1
google.golang.org/grpc/server.go:552.2,553.9 2 1
google.golang.org/grpc/server.go:556.2,557.14 2 1
google.golang.org/grpc/server.go:560.2,560.34 1 1
google.golang.org/grpc/server.go:549.19,551.3 1 0
google.golang.org/grpc/server.go:553.9,555.3 1 0
google.golang.org/grpc/server.go:557.14,559.3 1 0
google.golang.org/grpc/server.go:566.60,567.19 1 1
google.golang.org/grpc/server.go:570.2,571.9 2 1
google.golang.org/grpc/server.go:574.2,574.30 1 1
google.golang.org/grpc/server.go:567.19,569.3 1 0
google.golang.org/grpc/server.go:571.9,573.3 1 0
google.golang.org/grpc/stream.go:98.134,104.16 3 1
google.golang.org/grpc/stream.go:108.2,117.16 3 1
google.golang.org/grpc/stream.go:126.2,127.16 2 1
google.golang.org/grpc/stream.go:130.2,135.12 4 1
google.golang.org/grpc/stream.go:139.2,139.16 1 1
google.golang.org/grpc/stream.go:104.16,106.3 1 0
google.golang.org/grpc/stream.go:117.16,120.41 3 1
google.golang.org/grpc/stream.go:123.3,124.44 2 1
google.golang.org/grpc/stream.go:120.41,122.4 1 1
google.golang.org/grpc/stream.go:127.16,129.3 1 1
google.golang.org/grpc/stream.go:135.12,138.3 2 1
google.golang.org/grpc/stream.go:159.51,161.2 1 0
google.golang.org/grpc/stream.go:163.55,165.16 2 1
google.golang.org/grpc/stream.go:170.2,170.15 1 1
google.golang.org/grpc/stream.go:165.16,166.52 1 0
google.golang.org/grpc/stream.go:166.52,168.4 1 0
google.golang.org/grpc/stream.go:173.47,175.2 1 1
google.golang.org/grpc/stream.go:177.60,178.16 1 1
google.golang.org/grpc/stream.go:185.2,185.15 1 1
google.golang.org/grpc/stream.go:194.2,195.16 2 1
google.golang.org/grpc/stream.go:198.2,198.63 1 1
google.golang.org/grpc/stream.go:178.16,180.26 2 1
google.golang.org/grpc/stream.go:183.3,183.17 1 1
google.golang.org/grpc/stream.go:180.26,182.4 1 1
google.golang.org/grpc/stream.go:185.15,186.34 1 1
google.golang.org/grpc/stream.go:189.3,189.52 1 0
google.golang.org/grpc/stream.go:192.3,192.22 1 0
google.golang.org/grpc/stream.go:186.34,188.4 1 1
google.golang.org/grpc/stream.go:189.52,191.4 1 0
google.golang.org/grpc/stream.go:195.16,197.3 1 0
google.golang.org/grpc/stream.go:201.60,203.15 2 1
google.golang.org/grpc/stream.go:209.2,209.16 1 1
google.golang.org/grpc/stream.go:234.2,234.51 1 1
google.golang.org/grpc/stream.go:237.2,237.19 1 1
google.golang.org/grpc/stream.go:244.2,244.22 1 0
google.golang.org/grpc/stream.go:203.15,205.17 1 1
google.golang.org/grpc/stream.go:205.17,207.4 1 1
google.golang.org/grpc/stream.go:209.16,210.17 1 1
google.golang.org/grpc/stream.go:217.3,217.54 1 1
google.golang.org/grpc/stream.go:221.3,223.17 3 1
google.golang.org/grpc/stream.go:226.3,226.20 1 1
google.golang.org/grpc/stream.go:232.3,232.23 1 0
google.golang.org/grpc/stream.go:210.17,212.27 2 1
google.golang.org/grpc/stream.go:215.4,215.18 1 1
google.golang.org/grpc/stream.go:212.27,214.5 1 1
google.golang.org/grpc/stream.go:217.54,219.4 1 1
google.golang.org/grpc/stream.go:223.17,225.4 1 0
google.golang.org/grpc/stream.go:226.20,227.37 1 1
google.golang.org/grpc/stream.go:230.4,230.55 1 0
google.golang.org/grpc/stream.go:227.37,229.5 1 1
google.golang.org/grpc/stream.go:234.51,236.3 1 1
google.golang.org/grpc/stream.go:237.19,238.36 1 1
google.golang.org/grpc/stream.go:242.3,242.54 1 1
google.golang.org/grpc/stream.go:238.36,241.4 1 1
google.golang.org/grpc/stream.go:247.49,249.33 2 1
google.golang.org/grpc/stream.go:252.2,252.51 1 0
google.golang.org/grpc/stream.go:255.2,256.8 2 0
google.golang.org/grpc/stream.go:249.33,251.3 1 1
google.golang.org/grpc/stream.go:252.51,254.3 1 0
google.golang.org/grpc/stream.go:259.57,261.15 2 1
google.golang.org/grpc/stream.go:265.2,267.29 3 1
google.golang.org/grpc/stream.go:261.15,264.3 2 1
google.golang.org/grpc/stream.go:270.43,271.17 1 1
google.golang.org/grpc/stream.go:274.2,276.25 3 1
google.golang.org/grpc/stream.go:271.17,273.3 1 0
google.golang.org/grpc/stream.go:276.25,277.34 1 1
google.golang.org/grpc/stream.go:283.3,284.21 2 1
google.golang.org/grpc/stream.go:277.34,279.4 1 1
google.golang.org/grpc/stream.go:279.4,282.4 2 1
google.golang.org/grpc/stream.go:313.51,315.2 1 1
google.golang.org/grpc/stream.go:317.58,319.2 1 1
google.golang.org/grpc/stream.go:321.52,322.19 1 1
google.golang.org/grpc/stream.go:325.2,326.8 2 1
google.golang.org/grpc/stream.go:322.19,324.3 1 0
google.golang.org/grpc/stream.go:329.60,330.15 1 1
google.golang.org/grpc/stream.go:344.2,345.16 2 1
google.golang.org/grpc/stream.go:349.2,349.63 1 1
google.golang.org/grpc/stream.go:330.15,331.23 1 1
google.golang.org/grpc/stream.go:331.23,333.27 2 1
google.golang.org/grpc/stream.go:341.4,341.18 1 1
google.golang.org/grpc/stream.go:333.27,334.19 1 1
google.golang.org/grpc/stream.go:334.19,336.6 1 1
google.golang.org/grpc/stream.go:336.6,339.6 2 0
google.golang.org/grpc/stream.go:345.16,348.3 2 0
google.golang.org/grpc/stream.go:352.60,353.15 1 1
google.golang.org/grpc/stream.go:367.2,367.32 1 1
google.golang.org/grpc/stream.go:353.15,354.23 1 1
google.golang.org/grpc/stream.go:354.23,356.27 2 1
google.golang.org/grpc/stream.go:364.4,364.18 1 1
google.golang.org/grpc/stream.go:356.27,357.19 1 1
google.golang.org/grpc/stream.go:357.19,359.6 1 1
google.golang.org/grpc/stream.go:359.6,359.29 1 1
google.golang.org/grpc/stream.go:359.29,362.6 2 1
google.golang.org/grpc/trace.go:53.36,55.40 2 1
google.golang.org/grpc/trace.go:58.2,58.44 1 1
google.golang.org/grpc/trace.go:61.2,61.10 1 1
google.golang.org/grpc/trace.go:55.40,57.3 1 1
google.golang.org/grpc/trace.go:58.44,60.3 1 1
google.golang.org/grpc/trace.go:77.37,80.14 3 0
google.golang.org/grpc/trace.go:85.2,86.21 2 0
google.golang.org/grpc/trace.go:91.2,91.22 1 0
google.golang.org/grpc/trace.go:80.14,82.3 1 0
google.golang.org/grpc/trace.go:82.3,84.3 1 0
google.golang.org/grpc/trace.go:86.21,88.3 1 0
google.golang.org/grpc/trace.go:88.3,90.3 1 0
google.golang.org/grpc/trace.go:101.34,102.12 1 0
google.golang.org/grpc/trace.go:102.12,104.3 1 0
google.golang.org/grpc/trace.go:104.3,106.3 1 0
google.golang.org/grpc/trace.go:114.39,116.2 1 0
google.golang.org/grpc/trace.go:120.35,120.55 1 0
google.golang.org/grpc/transport/control.go:59.35,61.2 1 0
google.golang.org/grpc/transport/control.go:68.31,70.2 1 0
google.golang.org/grpc/transport/control.go:77.34,79.2 1 0
google.golang.org/grpc/transport/control.go:84.30,86.2 1 0
google.golang.org/grpc/transport/control.go:93.27,95.2 1 0
google.golang.org/grpc/transport/control.go:107.37,111.11 2 1
google.golang.org/grpc/transport/control.go:116.2,116.11 1 1
google.golang.org/grpc/transport/control.go:111.11,113.3 1 1
google.golang.org/grpc/transport/control.go:113.3,115.3 1 1
google.golang.org/grpc/transport/control.go:120.33,124.19 4 1
google.golang.org/grpc/transport/control.go:127.2,127.9 1 1
google.golang.org/grpc/transport/control.go:124.19,126.3 1 1
google.golang.org/grpc/transport/control.go:128.2,129.15 1 1
google.golang.org/grpc/transport/control.go:130.2,130.10 0 1
google.golang.org/grpc/transport/control.go:135.31,138.9 3 1
google.golang.org/grpc/transport/control.go:139.2,140.16 1 1
google.golang.org/grpc/transport/control.go:141.2,141.10 0 0
google.golang.org/grpc/transport/control.go:147.35,150.9 3 1
google.golang.org/grpc/transport/control.go:155.2,156.19 2 1
google.golang.org/grpc/transport/control.go:159.2,159.9 1 1
google.golang.org/grpc/transport/control.go:151.2,152.16 1 1
google.golang.org/grpc/transport/control.go:153.2,153.10 0 1
google.golang.org/grpc/transport/control.go:156.19,158.3 1 1
google.golang.org/grpc/transport/control.go:160.2,161.15 1 1
google.golang.org/grpc/transport/control.go:162.2,162.10 0 0
google.golang.org/grpc/transport/control.go:167.43,169.2 1 1
google.golang.org/grpc/transport/control.go:191.41,192.12 1 1
google.golang.org/grpc/transport/control.go:195.2,197.47 3 1
google.golang.org/grpc/transport/control.go:200.2,200.19 1 1
google.golang.org/grpc/transport/control.go:205.2,206.12 2 1
google.golang.org/grpc/transport/control.go:192.12,194.3 1 0
google.golang.org/grpc/transport/control.go:197.47,199.3 1 0
google.golang.org/grpc/transport/control.go:200.19,201.42 1 1
google.golang.org/grpc/transport/control.go:201.42,203.4 1 0
google.golang.org/grpc/transport/control.go:210.46,211.29 1 1
google.golang.org/grpc/transport/control.go:214.2,218.34 5 1
google.golang.org/grpc/transport/control.go:223.2,223.10 1 1
google.golang.org/grpc/transport/control.go:211.29,213.3 1 1
google.golang.org/grpc/transport/control.go:218.34,222.3 3 1
google.golang.org/grpc/transport/control.go:228.53,229.12 1 1
google.golang.org/grpc/transport/control.go:232.2,234.24 3 1
google.golang.org/grpc/transport/control.go:238.2,240.34 3 1
google.golang.org/grpc/transport/control.go:244.2,245.8 2 1
google.golang.org/grpc/transport/control.go:229.12,231.3 1 0
google.golang.org/grpc/transport/control.go:234.24,237.3 1 0
google.golang.org/grpc/transport/control.go:240.34,243.3 2 1
google.golang.org/grpc/transport/control.go:250.39,251.19 1 1
google.golang.org/grpc/transport/control.go:254.2,259.29 6 1
google.golang.org/grpc/transport/control.go:251.19,253.3 1 0
google.golang.org/grpc/transport/http2_client.go:105.87,106.24 1 1
google.golang.org/grpc/transport/http2_client.go:112.2,116.20 5 1
google.golang.org/grpc/transport/http2_client.go:119.2,120.37 2 1
google.golang.org/grpc/transport/http2_client.go:134.2,134.20 1 1
google.golang.org/grpc/transport/http2_client.go:137.2,137.15 1 1
google.golang.org/grpc/transport/http2_client.go:143.2,144.16 2 1
google.golang.org/grpc/transport/http2_client.go:147.2,147.29 1 1
google.golang.org/grpc/transport/http2_client.go:150.2,151.44 2 1
google.golang.org/grpc/transport/http2_client.go:156.2,156.16 1 1
google.golang.org/grpc/transport/http2_client.go:160.2,160.75 1 1
google.golang.org/grpc/transport/http2_client.go:165.2,166.26 2 1
google.golang.org/grpc/transport/http2_client.go:169.2,200.15 6 1
google.golang.org/grpc/transport/http2_client.go:106.24,108.76 1 1
google.golang.org/grpc/transport/http2_client.go:108.76,110.4 1 1
google.golang.org/grpc/transport/http2_client.go:116.20,118.3 1 1
google.golang.org/grpc/transport/http2_client.go:120.37,121.63 1 1
google.golang.org/grpc/transport/http2_client.go:121.63,127.19 2 1
google.golang.org/grpc/transport/http2_client.go:130.4,131.9 2 1
google.golang.org/grpc/transport/http2_client.go:127.19,129.5 1 1
google.golang.org/grpc/transport/http2_client.go:134.20,136.3 1 0
google.golang.org/grpc/transport/http2_client.go:137.15,138.17 1 1
google.golang.org/grpc/transport/http2_client.go:138.17,140.4 1 1
google.golang.org/grpc/transport/http2_client.go:144.16,146.3 1 1
google.golang.org/grpc/transport/http2_client.go:147.29,149.3 1 0
google.golang.org/grpc/transport/http2_client.go:151.44,153.3 1 0
google.golang.org/grpc/transport/http2_client.go:153.3,155.3 1 1
google.golang.org/grpc/transport/http2_client.go:156.16,158.3 1 1
google.golang.org/grpc/transport/http2_client.go:160.75,161.66 1 1
google.golang.org/grpc/transport/http2_client.go:161.66,163.4 1 0
google.golang.org/grpc/transport/http2_client.go:166.26,168.3 1 1
google.golang.org/grpc/transport/http2_client.go:203.80,218.32 4 1
google.golang.org/grpc/transport/http2_client.go:222.2,227.10 3 1
google.golang.org/grpc/transport/http2_client.go:218.32,220.3 1 1
google.golang.org/grpc/transport/http2_client.go:232.95,235.34 2 1
google.golang.org/grpc/transport/http2_client.go:242.2,242.23 1 1
google.golang.org/grpc/transport/http2_client.go:245.2,246.32 2 1
google.golang.org/grpc/transport/http2_client.go:268.2,269.26 2 1
google.golang.org/grpc/transport/http2_client.go:273.2,275.23 3 1
google.golang.org/grpc/transport/http2_client.go:285.2,285.69 1 1
google.golang.org/grpc/transport/http2_client.go:289.2,290.26 2 1
google.golang.org/grpc/transport/http2_client.go:294.2,300.49 4 1
google.golang.org/grpc/transport/http2_client.go:303.2,304.11 2 1
google.golang.org/grpc/transport/http2_client.go:311.2,320.17 9 1
google.golang.org/grpc/transport/http2_client.go:323.2,323.29 1 1
google.golang.org/grpc/transport/http2_client.go:326.2,330.45 2 1
google.golang.org/grpc/transport/http2_client.go:338.2,340.18 2 1
google.golang.org/grpc/transport/http2_client.go:369.2,370.15 2 1
google.golang.org/grpc/transport/http2_client.go:235.34,237.19 2 1
google.golang.org/grpc/transport/http2_client.go:237.19,239.4 1 1
google.golang.org/grpc/transport/http2_client.go:242.23,244.3 1 0
google.golang.org/grpc/transport/http2_client.go:246.32,249.57 2 1
google.golang.org/grpc/transport/http2_client.go:255.3,256.16 2 1
google.golang.org/grpc/transport/http2_client.go:259.3,261.17 3 1
google.golang.org/grpc/transport/http2_client.go:264.3,264.26 1 1
google.golang.org/grpc/transport/http2_client.go:249.57,251.33 1 1
google.golang.org/grpc/transport/http2_client.go:251.33,253.5 1 1
google.golang.org/grpc/transport/http2_client.go:256.16,258.4 1 0
google.golang.org/grpc/transport/http2_client.go:261.17,263.4 1 0
google.golang.org/grpc/transport/http2_client.go:264.26,266.4 1 0
google.golang.org/grpc/transport/http2_client.go:269.26,272.3 2 0
google.golang.org/grpc/transport/http2_client.go:275.23,277.17 2 1
google.golang.org/grpc/transport/http2_client.go:281.3,281.13 1 1
google.golang.org/grpc/transport/http2_client.go:277.17,279.4 1 1
google.golang.org/grpc/transport/http2_client.go:281.13,283.4 1 1
google.golang.org/grpc/transport/http2_client.go:285.69,288.3 1 0
google.golang.org/grpc/transport/http2_client.go:290.26,293.3 2 0
google.golang.org/grpc/transport/http2_client.go:300.49,302.3 1 1
google.golang.org/grpc/transport/http2_client.go:304.11,306.3 1 1
google.golang.org/grpc/transport/http2_client.go:320.17,322.3 1 1
google.golang.org/grpc/transport/http2_client.go:323.29,325.3 1 0
google.golang.org/grpc/transport/http2_client.go:330.45,332.24 2 1
google.golang.org/grpc/transport/http2_client.go:332.24,333.28 1 1
google.golang.org/grpc/transport/http2_client.go:333.28,335.5 1 1
google.golang.org/grpc/transport/http2_client.go:340.18,342.30 2 1
google.golang.org/grpc/transport/http2_client.go:347.3,347.12 1 1
google.golang.org/grpc/transport/http2_client.go:364.3,364.17 1 1
google.golang.org/grpc/transport/http2_client.go:342.30,344.4 1 0
google.golang.org/grpc/transport/http2_client.go:344.4,346.4 1 1
google.golang.org/grpc/transport/http2_client.go:347.12,360.4 3 1
google.golang.org/grpc/transport/http2_client.go:360.4,363.4 1 0
google.golang.org/grpc/transport/http2_client.go:364.17,367.4 2 0
google.golang.org/grpc/transport/http2_client.go:375.57,378.27 3 1
google.golang.org/grpc/transport/http2_client.go:381.2,383.19 3 1
google.golang.org/grpc/transport/http2_client.go:390.2,392.36 3 1
google.golang.org/grpc/transport/http2_client.go:395.2,395.27 1 1
google.golang.org/grpc/transport/http2_client.go:399.2,399.19 1 1
google.golang.org/grpc/transport/http2_client.go:403.2,405.36 3 1
google.golang.org/grpc/transport/http2_client.go:378.27,380.3 1 1
google.golang.org/grpc/transport/http2_client.go:383.19,385.3 1 1
google.golang.org/grpc/transport/http2_client.go:392.36,394.3 1 0
google.golang.org/grpc/transport/http2_client.go:395.27,398.3 2 1
google.golang.org/grpc/transport/http2_client.go:399.19,402.3 2 1
google.golang.org/grpc/transport/http2_client.go:405.36,407.3 1 1
google.golang.org/grpc/transport/http2_client.go:413.43,415.24 2 1
google.golang.org/grpc/transport/http2_client.go:419.2,428.28 9 1
google.golang.org/grpc/transport/http2_client.go:437.2,437.8 1 1
google.golang.org/grpc/transport/http2_client.go:415.24,418.3 2 1
google.golang.org/grpc/transport/http2_client.go:428.28,430.20 2 1
google.golang.org/grpc/transport/http2_client.go:434.3,435.40 2 1
google.golang.org/grpc/transport/http2_client.go:430.20,433.4 2 1
google.golang.org/grpc/transport/http2_client.go:444.74,446.6 2 1
google.golang.org/grpc/transport/http2_client.go:522.2,522.16 1 1
google.golang.org/grpc/transport/http2_client.go:525.2,526.27 2 1
google.golang.org/grpc/transport/http2_client.go:533.2,534.12 2 1
google.golang.org/grpc/transport/http2_client.go:446.6,448.18 2 1
google.golang.org/grpc/transport/http2_client.go:482.3,486.32 2 1
google.golang.org/grpc/transport/http2_client.go:490.3,492.72 2 1
google.golang.org/grpc/transport/http2_client.go:502.3,502.56 1 1
google.golang.org/grpc/transport/http2_client.go:510.3,510.76 1 1
google.golang.org/grpc/transport/http2_client.go:514.3,514.41 1 1
google.golang.org/grpc/transport/http2_client.go:517.3,518.19 2 1
google.golang.org/grpc/transport/http2_client.go:448.18,453.18 4 1
google.golang.org/grpc/transport/http2_client.go:456.4,459.18 3 1
google.golang.org/grpc/transport/http2_client.go:465.4,465.17 1 1
google.golang.org/grpc/transport/http2_client.go:468.4,468.17 1 1
google.golang.org/grpc/transport/http2_client.go:471.4,473.15 3 1
google.golang.org/grpc/transport/http2_client.go:477.4,477.15 1 1
google.golang.org/grpc/transport/http2_client.go:453.18,455.5 1 1
google.golang.org/grpc/transport/http2_client.go:459.18,460.39 1 0
google.golang.org/grpc/transport/http2_client.go:463.5,463.15 1 0
google.golang.org/grpc/transport/http2_client.go:460.39,462.6 1 0
google.golang.org/grpc/transport/http2_client.go:465.17,467.5 1 1
google.golang.org/grpc/transport/http2_client.go:468.17,470.5 1 0
google.golang.org/grpc/transport/http2_client.go:473.15,476.5 1 1
google.golang.org/grpc/transport/http2_client.go:477.15,480.5 1 1
google.golang.org/grpc/transport/http2_client.go:486.32,488.4 1 1
google.golang.org/grpc/transport/http2_client.go:492.72,493.42 1 0
google.golang.org/grpc/transport/http2_client.go:500.4,500.14 1 0
google.golang.org/grpc/transport/http2_client.go:493.42,499.5 1 0
google.golang.org/grpc/transport/http2_client.go:502.56,506.4 1 1
google.golang.org/grpc/transport/http2_client.go:510.76,513.4 2 0
google.golang.org/grpc/transport/http2_client.go:514.41,516.4 1 1
google.golang.org/grpc/transport/http2_client.go:518.19,519.9 1 1
google.golang.org/grpc/transport/http2_client.go:522.16,524.3 1 1
google.golang.org/grpc/transport/http2_client.go:526.27,527.32 1 1
google.golang.org/grpc/transport/http2_client.go:527.32,529.4 1 0
google.golang.org/grpc/transport/http2_client.go:529.4,531.4 1 1
google.golang.org/grpc/transport/http2_client.go:537.64,540.28 3 1
google.golang.org/grpc/transport/http2_client.go:544.2,544.55 1 1
google.golang.org/grpc/transport/http2_client.go:547.2,547.19 1 1
google.golang.org/grpc/transport/http2_client.go:540.28,543.3 1 0
google.golang.org/grpc/transport/http2_client.go:544.55,546.3 1 1
google.golang.org/grpc/transport/http2_client.go:553.57,555.13 2 1
google.golang.org/grpc/transport/http2_client.go:558.2,558.13 1 1
google.golang.org/grpc/transport/http2_client.go:555.13,557.3 1 1
google.golang.org/grpc/transport/http2_client.go:558.13,560.3 1 1
google.golang.org/grpc/transport/http2_client.go:563.54,566.9 2 1
google.golang.org/grpc/transport/http2_client.go:569.2,570.14 2 1
google.golang.org/grpc/transport/http2_client.go:598.2,598.54 1 1
google.golang.org/grpc/transport/http2_client.go:566.9,568.3 1 0
google.golang.org/grpc/transport/http2_client.go:570.14,571.51 1 1
google.golang.org/grpc/transport/http2_client.go:592.3,594.31 3 1
google.golang.org/grpc/transport/http2_client.go:571.51,572.42 1 0
google.golang.org/grpc/transport/http2_client.go:576.4,577.29 2 0
google.golang.org/grpc/transport/http2_client.go:581.4,587.10 7 0
google.golang.org/grpc/transport/http2_client.go:572.42,575.5 2 0
google.golang.org/grpc/transport/http2_client.go:577.29,580.5 2 0
google.golang.org/grpc/transport/http2_client.go:598.54,600.33 2 0
google.golang.org/grpc/transport/http2_client.go:605.3,608.32 4 0
google.golang.org/grpc/transport/http2_client.go:600.33,602.4 1 0
google.golang.org/grpc/transport/http2_client.go:602.4,604.4 1 0
google.golang.org/grpc/transport/http2_client.go:612.64,614.9 2 1
google.golang.org/grpc/transport/http2_client.go:617.2,618.27 2 1
google.golang.org/grpc/transport/http2_client.go:622.2,623.19 2 1
google.golang.org/grpc/transport/http2_client.go:627.2,628.9 2 1
google.golang.org/grpc/transport/http2_client.go:631.2,632.31 2 1
google.golang.org/grpc/transport/http2_client.go:614.9,616.3 1 1
google.golang.org/grpc/transport/http2_client.go:618.27,621.3 2 0
google.golang.org/grpc/transport/http2_client.go:623.19,626.3 2 1
google.golang.org/grpc/transport/http2_client.go:628.9,630.3 1 0
google.golang.org/grpc/transport/http2_client.go:635.62,636.15 1 1
google.golang.org/grpc/transport/http2_client.go:639.2,640.47 2 1
google.golang.org/grpc/transport/http2_client.go:645.2,645.48 1 1
google.golang.org/grpc/transport/http2_client.go:636.15,638.3 1 1
google.golang.org/grpc/transport/http2_client.go:640.47,643.3 2 1
google.golang.org/grpc/transport/http2_client.go:648.54,652.2 3 0
google.golang.org/grpc/transport/http2_client.go:654.58,656.2 0 0
google.golang.org/grpc/transport/http2_client.go:658.70,661.13 3 1
google.golang.org/grpc/transport/http2_client.go:665.2,665.33 1 1
google.golang.org/grpc/transport/http2_client.go:661.13,664.3 2 1
google.golang.org/grpc/transport/http2_client.go:665.33,667.3 1 1
google.golang.org/grpc/transport/http2_client.go:673.128,674.15 1 1
google.golang.org/grpc/transport/http2_client.go:679.2,680.14 2 1
google.golang.org/grpc/transport/http2_client.go:684.2,684.16 1 1
google.golang.org/grpc/transport/http2_client.go:689.2,689.17 1 1
google.golang.org/grpc/transport/http2_client.go:693.2,694.19 2 1
google.golang.org/grpc/transport/http2_client.go:701.2,701.41 1 1
google.golang.org/grpc/transport/http2_client.go:706.2,706.31 1 1
google.golang.org/grpc/transport/http2_client.go:709.2,715.12 6 1
google.golang.org/grpc/transport/http2_client.go:674.15,675.27 1 1
google.golang.org/grpc/transport/http2_client.go:675.27,677.4 1 1
google.golang.org/grpc/transport/http2_client.go:680.14,683.3 1 0
google.golang.org/grpc/transport/http2_client.go:684.16,688.3 2 0
google.golang.org/grpc/transport/http2_client.go:689.17,691.3 1 0
google.golang.org/grpc/transport/http2_client.go:694.19,695.46 1 1
google.golang.org/grpc/transport/http2_client.go:698.3,699.22 2 1
google.golang.org/grpc/transport/http2_client.go:695.46,697.4 1 1
google.golang.org/grpc/transport/http2_client.go:701.41,704.3 2 1
google.golang.org/grpc/transport/http2_client.go:706.31,708.3 1 1
google.golang.org/grpc/transport/http2_client.go:724.32,727.16 2 1
google.golang.org/grpc/transport/http2_client.go:731.2,732.9 2 1
google.golang.org/grpc/transport/http2_client.go:736.2,741.6 4 1
google.golang.org/grpc/transport/http2_client.go:727.16,730.3 2 1
google.golang.org/grpc/transport/http2_client.go:732.9,735.3 2 0
google.golang.org/grpc/transport/http2_client.go:741.6,743.17 2 1
google.golang.org/grpc/transport/http2_client.go:747.3,747.32 1 1
google.golang.org/grpc/transport/http2_client.go:743.17,746.4 2 1
google.golang.org/grpc/transport/http2_client.go:748.3,754.67 3 1
google.golang.org/grpc/transport/http2_client.go:755.3,756.78 1 0
google.golang.org/grpc/transport/http2_client.go:757.3,758.23 1 1
google.golang.org/grpc/transport/http2_client.go:759.3,760.28 1 1
google.golang.org/grpc/transport/http2_client.go:761.3,762.27 1 1
google.golang.org/grpc/transport/http2_client.go:763.3,764.23 1 0
google.golang.org/grpc/transport/http2_client.go:765.3,766.25 1 0
google.golang.org/grpc/transport/http2_client.go:767.3,768.31 1 1
google.golang.org/grpc/transport/http2_client.go:769.3,770.87 1 0
google.golang.org/grpc/transport/http2_client.go:775.57,776.23 1 1
google.golang.org/grpc/transport/http2_client.go:776.23,777.15 1 1
google.golang.org/grpc/transport/http2_client.go:778.3,782.29 1 1
google.golang.org/grpc/transport/http2_client.go:785.4,787.14 3 1
google.golang.org/grpc/transport/http2_client.go:790.4,793.13 4 1
google.golang.org/grpc/transport/http2_client.go:796.3,798.43 2 0
google.golang.org/grpc/transport/http2_client.go:802.4,803.17 2 0
google.golang.org/grpc/transport/http2_client.go:782.29,784.5 1 1
google.golang.org/grpc/transport/http2_client.go:787.14,789.5 1 1
google.golang.org/grpc/transport/http2_client.go:793.13,795.5 1 0
google.golang.org/grpc/transport/http2_client.go:798.43,801.5 1 0
google.golang.org/grpc/transport/http2_client.go:810.36,811.6 1 1
google.golang.org/grpc/transport/http2_client.go:811.6,812.10 1 1
google.golang.org/grpc/transport/http2_client.go:813.3,815.11 2 1
google.golang.org/grpc/transport/http2_client.go:841.3,842.10 1 1
google.golang.org/grpc/transport/http2_client.go:816.4,817.26 1 1
google.golang.org/grpc/transport/http2_client.go:836.5,837.13 2 1
google.golang.org/grpc/transport/http2_client.go:838.4,839.11 1 1
google.golang.org/grpc/transport/http2_client.go:818.5,819.63 1 1
google.golang.org/grpc/transport/http2_client.go:820.5,821.15 1 1
google.golang.org/grpc/transport/http2_client.go:827.5,828.55 1 1
google.golang.org/grpc/transport/http2_client.go:829.5,830.27 1 0
google.golang.org/grpc/transport/http2_client.go:831.5,832.45 1 0
google.golang.org/grpc/transport/http2_client.go:833.5,834.90 1 0
google.golang.org/grpc/transport/http2_client.go:821.15,824.7 2 1
google.golang.org/grpc/transport/http2_client.go:824.7,826.7 1 0
google.golang.org/grpc/transport/http2_client.go:847.47,849.2 1 1
google.golang.org/grpc/transport/http2_client.go:851.46,855.26 3 1
google.golang.org/grpc/transport/http2_client.go:855.26,859.3 3 1
google.golang.org/grpc/picker.go:74.52,76.16 2 1
google.golang.org/grpc/picker.go:79.2,80.12 2 1
google.golang.org/grpc/picker.go:76.16,78.3 1 0
google.golang.org/grpc/picker.go:83.86,85.2 1 1
google.golang.org/grpc/picker.go:87.52,89.2 1 1
google.golang.org/grpc/picker.go:91.60,93.2 1 1
google.golang.org/grpc/picker.go:95.123,97.2 1 1
google.golang.org/grpc/picker.go:99.39,100.19 1 1
google.golang.org/grpc/picker.go:103.2,103.12 1 0
google.golang.org/grpc/picker.go:100.19,102.3 1 1
google.golang.org/grpc/picker.go:122.55,127.2 1 0
google.golang.org/grpc/picker.go:136.54,138.16 2 0
google.golang.org/grpc/picker.go:141.2,141.33 1 0
google.golang.org/grpc/picker.go:178.2,178.12 1 0
google.golang.org/grpc/picker.go:138.16,140.3 1 0
google.golang.org/grpc/picker.go:141.33,142.20 1 0
google.golang.org/grpc/picker.go:143.3,150.21 4 0
google.golang.org/grpc/picker.go:157.3,159.53 2 0
google.golang.org/grpc/picker.go:173.4,173.17 1 0
google.golang.org/grpc/picker.go:174.3,175.52 1 0
google.golang.org/grpc/picker.go:150.21,152.19 2 0
google.golang.org/grpc/picker.go:155.5,155.18 1 0
google.golang.org/grpc/picker.go:152.19,154.6 1 0
google.golang.org/grpc/picker.go:159.53,160.48 1 0
google.golang.org/grpc/picker.go:160.48,161.27 1 0
google.golang.org/grpc/picker.go:161.27,168.7 2 0
google.golang.org/grpc/picker.go:168.7,170.7 1 0
google.golang.org/grpc/picker.go:183.41,184.6 1 0
google.golang.org/grpc/picker.go:184.6,185.44 1 0
google.golang.org/grpc/picker.go:185.44,187.4 1 0
google.golang.org/grpc/picker.go:191.58,193.16 2 0
google.golang.org/grpc/picker.go:196.2,199.43 3 0
google.golang.org/grpc/picker.go:202.2,203.12 2 0
google.golang.org/grpc/picker.go:193.16,195.3 1 0
google.golang.org/grpc/picker.go:199.43,201.3 1 0
google.golang.org/grpc/picker.go:206.92,208.2 1 0
google.golang.org/grpc/picker.go:210.58,213.25 3 0
google.golang.org/grpc/picker.go:225.2,225.25 1 0
google.golang.org/grpc/picker.go:228.2,228.49 1 0
google.golang.org/grpc/picker.go:213.25,215.3 1 0
google.golang.org/grpc/picker.go:215.3,218.36 3 0
google.golang.org/grpc/picker.go:221.3,221.26 1 0
google.golang.org/grpc/picker.go:218.36,220.4 1 0
google.golang.org/grpc/picker.go:221.26,223.4 1 0
google.golang.org/grpc/picker.go:225.25,227.3 1 0
google.golang.org/grpc/picker.go:231.66,233.2 1 0
google.golang.org/grpc/picker.go:235.129,237.2 1 0
google.golang.org/grpc/picker.go:239.45,243.2 3 0
google.golang.org/grpc/rpc_util.go:66.58,68.2 1 1
google.golang.org/grpc/rpc_util.go:70.63,72.2 1 1
google.golang.org/grpc/rpc_util.go:74.35,76.2 1 0
google.golang.org/grpc/rpc_util.go:92.47,92.62 1 0
google.golang.org/grpc/rpc_util.go:93.47,93.49 0 0
google.golang.org/grpc/rpc_util.go:97.46,97.60 1 1
google.golang.org/grpc/rpc_util.go:98.46,98.54 1 1
google.golang.org/grpc/rpc_util.go:102.41,103.37 1 1
google.golang.org/grpc/rpc_util.go:103.37,105.3 1 1
google.golang.org/grpc/rpc_util.go:110.42,111.37 1 1
google.golang.org/grpc/rpc_util.go:111.37,113.3 1 1
google.golang.org/grpc/rpc_util.go:134.70,139.52 2 1
google.golang.org/grpc/rpc_util.go:143.2,146.17 3 1
google.golang.org/grpc/rpc_util.go:149.2,150.49 2 1
google.golang.org/grpc/rpc_util.go:156.2,156.21 1 1
google.golang.org/grpc/rpc_util.go:139.52,141.3 1 1
google.golang.org/grpc/rpc_util.go:146.17,148.3 1 1
google.golang.org/grpc/rpc_util.go:150.49,151.20 1 0
google.golang.org/grpc/rpc_util.go:154.3,154.21 1 0
google.golang.org/grpc/rpc_util.go:151.20,153.4 1 0
google.golang.org/grpc/rpc_util.go:161.73,164.16 3 1
google.golang.org/grpc/rpc_util.go:173.2,173.29 1 1
google.golang.org/grpc/rpc_util.go:177.2,191.17 6 1
google.golang.org/grpc/rpc_util.go:164.16,168.17 3 1
google.golang.org/grpc/rpc_util.go:171.3,171.24 1 1
google.golang.org/grpc/rpc_util.go:168.17,170.4 1 0
google.golang.org/grpc/rpc_util.go:173.29,175.3 1 0
google.golang.org/grpc/rpc_util.go:194.52,196.16 2 1
google.golang.org/grpc/rpc_util.go:199.2,199.12 1 1
google.golang.org/grpc/rpc_util.go:211.2,211.12 1 1
google.golang.org/grpc/rpc_util.go:196.16,198.3 1 1
google.golang.org/grpc/rpc_util.go:200.2,201.43 1 1
google.golang.org/grpc/rpc_util.go:208.2,209.75 1 0
google.golang.org/grpc/rpc_util.go:201.43,202.38 1 0
google.golang.org/grpc/rpc_util.go:202.38,204.5 1 0
google.golang.org/grpc/rpc_util.go:204.5,206.5 1 0
google.golang.org/grpc/rpc_util.go:220.34,222.2 1 0
google.golang.org/grpc/rpc_util.go:226.33,227.16 1 1
google.golang.org/grpc/rpc_util.go:230.2,230.33 1 1
google.golang.org/grpc/rpc_util.go:233.2,233.22 1 0
google.golang.org/grpc/rpc_util.go:227.16,229.3 1 0
google.golang.org/grpc/rpc_util.go:230.33,232.3 1 1
google.golang.org/grpc/rpc_util.go:238.34,239.16 1 0
google.golang.org/grpc/rpc_util.go:242.2,242.33 1 0
google.golang.org/grpc/rpc_util.go:245.2,245.20 1 0
google.golang.org/grpc/rpc_util.go:239.16,241.3 1 0
google.golang.org/grpc/rpc_util.go:242.33,244.3 1 0
google.golang.org/grpc/rpc_util.go:250.66,251.19 1 1
google.golang.org/grpc/rpc_util.go:254.2,257.3 1 1
google.golang.org/grpc/rpc_util.go:251.19,253.3 1 1
google.golang.org/grpc/rpc_util.go:261.32,262.25 1 1
google.golang.org/grpc/rpc_util.go:276.2,276.41 1 0
google.golang.org/grpc/rpc_util.go:263.2,264.13 1 0
google.golang.org/grpc/rpc_util.go:265.2,269.4 1 1
google.golang.org/grpc/rpc_util.go:270.2,274.4 1 1
google.golang.org/grpc/rpc_util.go:281.40,282.13 1 1
google.golang.org/grpc/rpc_util.go:296.2,296.9 1 1
google.golang.org/grpc/rpc_util.go:304.2,304.22 1 1
google.golang.org/grpc/rpc_util.go:283.2,284.18 1 0
google.golang.org/grpc/rpc_util.go:285.2,286.26 1 0
google.golang.org/grpc/rpc_util.go:287.2,288.34 1 0
google.golang.org/grpc/rpc_util.go:289.2,290.31 1 0
google.golang.org/grpc/rpc_util.go:291.2,292.24 1 0
google.golang.org/grpc/rpc_util.go:293.2,294.32 1 0
google.golang.org/grpc/rpc_util.go:297.2,298.29 1 0
google.golang.org/grpc/rpc_util.go:299.2,300.24 1 0
google.golang.org/grpc/rpc_util.go:301.2,302.32 1 0
google.golang.org/grpc/rpc_util.go:318.45,319.18 1 1
google.golang.org/grpc/rpc_util.go:322.2,323.35 2 1
google.golang.org/grpc/rpc_util.go:327.2,327.19 1 1
google.golang.org/grpc/rpc_util.go:332.2,333.17 2 1
google.golang.org/grpc/rpc_util.go:336.2,336.31 1 1
google.golang.org/grpc/rpc_util.go:319.18,321.3 1 1
google.golang.org/grpc/rpc_util.go:323.35,326.3 2 1
google.golang.org/grpc/rpc_util.go:327.19,329.3 1 0
google.golang.org/grpc/rpc_util.go:333.17,335.3 1 0
google.golang.org/grpc/transport/http_util.go:121.40,122.19 1 1
google.golang.org/grpc/transport/http_util.go:125.2,125.13 1 1
google.golang.org/grpc/transport/http_util.go:122.19,124.3 1 1
google.golang.org/grpc/transport/http_util.go:126.2,133.14 1 1
google.golang.org/grpc/transport/http_util.go:134.2,135.15 1 1
google.golang.org/grpc/transport/http_util.go:139.38,141.77 2 1
google.golang.org/grpc/transport/http_util.go:190.2,190.10 1 1
google.golang.org/grpc/transport/http_util.go:141.77,142.17 1 1
google.golang.org/grpc/transport/http_util.go:143.3,144.54 1 1
google.golang.org/grpc/transport/http_util.go:148.3,150.18 2 1
google.golang.org/grpc/transport/http_util.go:154.4,154.41 1 1
google.golang.org/grpc/transport/http_util.go:155.3,156.32 1 1
google.golang.org/grpc/transport/http_util.go:157.3,161.18 4 1
google.golang.org/grpc/transport/http_util.go:165.3,166.28 1 1
google.golang.org/grpc/transport/http_util.go:167.3,168.33 1 1
google.golang.org/grpc/transport/http_util.go:144.54,147.5 2 0
google.golang.org/grpc/transport/http_util.go:150.18,153.5 2 0
google.golang.org/grpc/transport/http_util.go:161.18,164.5 2 0
google.golang.org/grpc/transport/http_util.go:168.33,169.31 1 1
google.golang.org/grpc/transport/http_util.go:178.5,178.29 1 1
google.golang.org/grpc/transport/http_util.go:181.5,182.19 2 1
google.golang.org/grpc/transport/http_util.go:186.5,186.51 1 1
google.golang.org/grpc/transport/http_util.go:169.31,171.17 2 1
google.golang.org/grpc/transport/http_util.go:176.6,176.27 1 1
google.golang.org/grpc/transport/http_util.go:171.17,174.7 1 1
google.golang.org/grpc/transport/http_util.go:178.29,180.6 1 1
google.golang.org/grpc/transport/http_util.go:182.19,185.6 2 0
google.golang.org/grpc/transport/http_util.go:193.97,196.16 3 1
google.golang.org/grpc/transport/http_util.go:200.2,200.26 1 1
google.golang.org/grpc/transport/http_util.go:207.2,207.32 1 1
google.golang.org/grpc/transport/http_util.go:210.2,210.8 1 1
google.golang.org/grpc/transport/http_util.go:196.16,198.3 1 0
google.golang.org/grpc/transport/http_util.go:200.26,201.61 1 1
google.golang.org/grpc/transport/http_util.go:204.3,204.20 1 1
google.golang.org/grpc/transport/http_util.go:201.61,203.4 1 0
google.golang.org/grpc/transport/http_util.go:207.32,209.3 1 0
google.golang.org/grpc/transport/http_util.go:213.97,216.16 3 1
google.golang.org/grpc/transport/http_util.go:220.2,220.26 1 1
google.golang.org/grpc/transport/http_util.go:227.2,227.32 1 1
google.golang.org/grpc/transport/http_util.go:230.2,230.8 1 1
google.golang.org/grpc/transport/http_util.go:216.16,218.3 1 0
google.golang.org/grpc/transport/http_util.go:220.26,221.61 1 1
google.golang.org/grpc/transport/http_util.go:224.3,224.20 1 1
google.golang.org/grpc/transport/http_util.go:221.61,223.4 1 0
google.golang.org/grpc/transport/http_util.go:227.32,229.3 1 0
google.golang.org/grpc/transport/http_util.go:244.70,245.11 1 1
google.golang.org/grpc/transport/http_util.go:260.2,260.8 1 0
google.golang.org/grpc/transport/http_util.go:246.2,247.25 1 0
google.golang.org/grpc/transport/http_util.go:248.2,249.27 1 0
google.golang.org/grpc/transport/http_util.go:250.2,251.27 1 0
google.golang.org/grpc/transport/http_util.go:252.2,253.32 1 0
google.golang.org/grpc/transport/http_util.go:254.2,255.32 1 1
google.golang.org/grpc/transport/http_util.go:256.2,257.31 1 1
google.golang.org/grpc/transport/http_util.go:258.2,258.10 0 0
google.golang.org/grpc/transport/http_util.go:267.36,268.23 1 1
google.golang.org/grpc/transport/http_util.go:271.2,271.21 1 1
google.golang.org/grpc/transport/http_util.go:268.23,270.3 1 1
google.golang.org/grpc/transport/http_util.go:275.44,276.56 1 1
google.golang.org/grpc/transport/http_util.go:279.2,279.57 1 1
google.golang.org/grpc/transport/http_util.go:282.2,282.57 1 0
google.golang.org/grpc/transport/http_util.go:285.2,285.52 1 0
google.golang.org/grpc/transport/http_util.go:288.2,288.52 1 0
google.golang.org/grpc/transport/http_util.go:292.2,292.55 1 0
google.golang.org/grpc/transport/http_util.go:276.56,278.3 1 1
google.golang.org/grpc/transport/http_util.go:279.57,281.3 1 1
google.golang.org/grpc/transport/http_util.go:282.57,284.3 1 0
google.golang.org/grpc/transport/http_util.go:285.52,287.3 1 0
google.golang.org/grpc/transport/http_util.go:288.52,290.3 1 0
google.golang.org/grpc/transport/http_util.go:295.53,297.14 2 1
google.golang.org/grpc/transport/http_util.go:300.2,302.9 3 1
google.golang.org/grpc/transport/http_util.go:305.2,306.16 2 1
google.golang.org/grpc/transport/http_util.go:309.2,309.34 1 1
google.golang.org/grpc/transport/http_util.go:297.14,299.3 1 0
google.golang.org/grpc/transport/http_util.go:302.9,304.3 1 0
google.golang.org/grpc/transport/http_util.go:306.16,308.3 1 0
google.golang.org/grpc/transport/http_util.go:319.39,326.2 3 1
google.golang.org/grpc/transport/http_util.go:328.50,330.2 1 1
google.golang.org/grpc/transport/http_util.go:335.121,336.90 1 0
google.golang.org/grpc/transport/http_util.go:339.2,339.16 1 0
google.golang.org/grpc/transport/http_util.go:342.2,342.12 1 0
google.golang.org/grpc/transport/http_util.go:336.90,338.3 1 0
google.golang.org/grpc/transport/http_util.go:339.16,341.3 1 0
google.golang.org/grpc/transport/http_util.go:345.97,346.66 1 1
google.golang.org/grpc/transport/http_util.go:349.2,349.16 1 1
google.golang.org/grpc/transport/http_util.go:352.2,352.12 1 1
google.golang.org/grpc/transport/http_util.go:346.66,348.3 1 0
google.golang.org/grpc/transport/http_util.go:349.16,351.3 1 1
google.golang.org/grpc/transport/http_util.go:355.111,356.71 1 0
google.golang.org/grpc/transport/http_util.go:359.2,359.16 1 0
google.golang.org/grpc/transport/http_util.go:362.2,362.12 1 0
google.golang.org/grpc/transport/http_util.go:356.71,358.3 1 0
google.golang.org/grpc/transport/http_util.go:359.16,361.3 1 0
google.golang.org/grpc/transport/http_util.go:365.81,366.45 1 1
google.golang.org/grpc/transport/http_util.go:369.2,369.16 1 1
google.golang.org/grpc/transport/http_util.go:372.2,372.12 1 1
google.golang.org/grpc/transport/http_util.go:366.45,368.3 1 1
google.golang.org/grpc/transport/http_util.go:369.16,371.3 1 1
google.golang.org/grpc/transport/http_util.go:375.70,376.50 1 0
google.golang.org/grpc/transport/http_util.go:379.2,379.16 1 0
google.golang.org/grpc/transport/http_util.go:382.2,382.12 1 0
google.golang.org/grpc/transport/http_util.go:376.50,378.3 1 0
google.golang.org/grpc/transport/http_util.go:379.16,381.3 1 0
google.golang.org/grpc/transport/http_util.go:385.95,386.56 1 0
google.golang.org/grpc/transport/http_util.go:389.2,389.16 1 0
google.golang.org/grpc/transport/http_util.go:392.2,392.12 1 0
google.golang.org/grpc/transport/http_util.go:386.56,388.3 1 0
google.golang.org/grpc/transport/http_util.go:389.16,391.3 1 0
google.golang.org/grpc/transport/http_util.go:395.84,396.49 1 0
google.golang.org/grpc/transport/http_util.go:399.2,399.16 1 0
google.golang.org/grpc/transport/http_util.go:402.2,402.12 1 0
google.golang.org/grpc/transport/http_util.go:396.49,398.3 1 0
google.golang.org/grpc/transport/http_util.go:399.16,401.3 1 0
google.golang.org/grpc/transport/http_util.go:405.93,406.60 1 1
google.golang.org/grpc/transport/http_util.go:409.2,409.16 1 1
google.golang.org/grpc/transport/http_util.go:412.2,412.12 1 0
google.golang.org/grpc/transport/http_util.go:406.60,408.3 1 0
google.golang.org/grpc/transport/http_util.go:409.16,411.3 1 1
google.golang.org/grpc/transport/http_util.go:415.82,416.56 1 1
google.golang.org/grpc/transport/http_util.go:419.2,419.16 1 1
google.golang.org/grpc/transport/http_util.go:422.2,422.12 1 0
google.golang.org/grpc/transport/http_util.go:416.56,418.3 1 0
google.golang.org/grpc/transport/http_util.go:419.16,421.3 1 1
google.golang.org/grpc/transport/http_util.go:425.58,426.48 1 1
google.golang.org/grpc/transport/http_util.go:429.2,429.16 1 1
google.golang.org/grpc/transport/http_util.go:432.2,432.12 1 0
google.golang.org/grpc/transport/http_util.go:426.48,428.3 1 0
google.golang.org/grpc/transport/http_util.go:429.16,431.3 1 1
google.golang.org/grpc/transport/http_util.go:435.82,436.63 1 1
google.golang.org/grpc/transport/http_util.go:439.2,439.16 1 1
google.golang.org/grpc/transport/http_util.go:442.2,442.12 1 0
google.golang.org/grpc/transport/http_util.go:436.63,438.3 1 0
google.golang.org/grpc/transport/http_util.go:439.16,441.3 1 1
google.golang.org/grpc/transport/http_util.go:445.37,447.2 1 1
google.golang.org/grpc/transport/http_util.go:449.51,451.2 1 1
