mode: atomic
google.golang.org/grpc/stats/opentelemetry/client_metrics.go:40.52,43.51 1 22
google.golang.org/grpc/stats/opentelemetry/client_metrics.go:43.51,45.3 1 0
google.golang.org/grpc/stats/opentelemetry/client_metrics.go:47.2,48.18 2 22
google.golang.org/grpc/stats/opentelemetry/client_metrics.go:48.18,50.3 1 0
google.golang.org/grpc/stats/opentelemetry/client_metrics.go:52.2,53.20 2 22
google.golang.org/grpc/stats/opentelemetry/client_metrics.go:53.20,55.3 1 0
google.golang.org/grpc/stats/opentelemetry/client_metrics.go:57.2,67.36 8 22
google.golang.org/grpc/stats/opentelemetry/client_metrics.go:72.137,74.15 2 59
google.golang.org/grpc/stats/opentelemetry/client_metrics.go:74.15,80.3 2 39
google.golang.org/grpc/stats/opentelemetry/client_metrics.go:81.2,81.16 1 59
google.golang.org/grpc/stats/opentelemetry/client_metrics.go:84.180,87.50 2 23
google.golang.org/grpc/stats/opentelemetry/client_metrics.go:87.50,89.25 2 0
google.golang.org/grpc/stats/opentelemetry/client_metrics.go:89.25,90.25 1 0
google.golang.org/grpc/stats/opentelemetry/client_metrics.go:90.25,92.5 1 0
google.golang.org/grpc/stats/opentelemetry/client_metrics.go:96.2,99.12 4 23
google.golang.org/grpc/stats/opentelemetry/client_metrics.go:105.69,106.27 1 39
google.golang.org/grpc/stats/opentelemetry/client_metrics.go:106.27,107.53 1 33
google.golang.org/grpc/stats/opentelemetry/client_metrics.go:107.53,109.4 1 33
google.golang.org/grpc/stats/opentelemetry/client_metrics.go:111.2,111.16 1 6
google.golang.org/grpc/stats/opentelemetry/client_metrics.go:114.206,117.50 2 16
google.golang.org/grpc/stats/opentelemetry/client_metrics.go:117.50,119.25 2 0
google.golang.org/grpc/stats/opentelemetry/client_metrics.go:119.25,120.25 1 0
google.golang.org/grpc/stats/opentelemetry/client_metrics.go:120.25,122.5 1 0
google.golang.org/grpc/stats/opentelemetry/client_metrics.go:126.2,127.30 2 16
google.golang.org/grpc/stats/opentelemetry/client_metrics.go:127.30,129.3 1 16
google.golang.org/grpc/stats/opentelemetry/client_metrics.go:130.2,131.49 2 16
google.golang.org/grpc/stats/opentelemetry/client_metrics.go:135.114,143.2 3 39
google.golang.org/grpc/stats/opentelemetry/client_metrics.go:146.99,148.2 1 22
google.golang.org/grpc/stats/opentelemetry/client_metrics.go:151.78,151.79 0 44
google.golang.org/grpc/stats/opentelemetry/client_metrics.go:155.85,157.15 2 147
google.golang.org/grpc/stats/opentelemetry/client_metrics.go:157.15,159.3 1 56
google.golang.org/grpc/stats/opentelemetry/client_metrics.go:160.2,161.35 2 91
google.golang.org/grpc/stats/opentelemetry/client_metrics.go:165.100,171.51 2 47
google.golang.org/grpc/stats/opentelemetry/client_metrics.go:171.51,182.3 2 47
google.golang.org/grpc/stats/opentelemetry/client_metrics.go:183.2,188.42 5 47
google.golang.org/grpc/stats/opentelemetry/client_metrics.go:192.82,194.15 2 263
google.golang.org/grpc/stats/opentelemetry/client_metrics.go:194.15,197.3 2 0
google.golang.org/grpc/stats/opentelemetry/client_metrics.go:198.2,198.35 1 263
google.golang.org/grpc/stats/opentelemetry/client_metrics.go:201.104,202.24 1 263
google.golang.org/grpc/stats/opentelemetry/client_metrics.go:203.20,205.16 2 47
google.golang.org/grpc/stats/opentelemetry/client_metrics.go:205.16,208.4 2 0
google.golang.org/grpc/stats/opentelemetry/client_metrics.go:210.3,214.52 2 47
google.golang.org/grpc/stats/opentelemetry/client_metrics.go:215.25,216.71 1 39
google.golang.org/grpc/stats/opentelemetry/client_metrics.go:217.24,218.71 1 15
google.golang.org/grpc/stats/opentelemetry/client_metrics.go:219.23,220.45 1 15
google.golang.org/grpc/stats/opentelemetry/client_metrics.go:221.24,222.46 1 47
google.golang.org/grpc/stats/opentelemetry/client_metrics.go:223.18,224.31 1 47
google.golang.org/grpc/stats/opentelemetry/client_metrics.go:225.10,225.10 0 53
google.golang.org/grpc/stats/opentelemetry/client_metrics.go:229.105,230.82 1 62
google.golang.org/grpc/stats/opentelemetry/client_metrics.go:230.82,232.20 2 0
google.golang.org/grpc/stats/opentelemetry/client_metrics.go:232.20,234.4 1 0
google.golang.org/grpc/stats/opentelemetry/client_metrics.go:235.3,235.33 1 0
google.golang.org/grpc/stats/opentelemetry/client_metrics.go:239.98,241.15 2 47
google.golang.org/grpc/stats/opentelemetry/client_metrics.go:241.15,244.3 2 0
google.golang.org/grpc/stats/opentelemetry/client_metrics.go:245.2,247.20 3 47
google.golang.org/grpc/stats/opentelemetry/client_metrics.go:247.20,250.3 2 16
google.golang.org/grpc/stats/opentelemetry/client_metrics.go:252.2,258.42 2 47
google.golang.org/grpc/stats/opentelemetry/client_metrics.go:258.42,260.3 1 0
google.golang.org/grpc/stats/opentelemetry/client_metrics.go:262.2,262.60 1 47
google.golang.org/grpc/stats/opentelemetry/client_metrics.go:262.60,265.37 1 3
google.golang.org/grpc/stats/opentelemetry/client_metrics.go:265.37,267.4 1 3
google.golang.org/grpc/stats/opentelemetry/client_metrics.go:271.2,274.119 4 47
google.golang.org/grpc/stats/opentelemetry/client_tracing.go:43.51,44.50 1 14
google.golang.org/grpc/stats/opentelemetry/client_tracing.go:44.50,47.3 2 0
google.golang.org/grpc/stats/opentelemetry/client_tracing.go:50.180,58.2 6 10
google.golang.org/grpc/stats/opentelemetry/client_tracing.go:60.206,65.30 4 10
google.golang.org/grpc/stats/opentelemetry/client_tracing.go:65.30,65.58 1 10
google.golang.org/grpc/stats/opentelemetry/client_tracing.go:66.2,67.49 2 10
google.golang.org/grpc/stats/opentelemetry/client_tracing.go:72.70,74.30 2 20
google.golang.org/grpc/stats/opentelemetry/client_tracing.go:74.30,76.3 1 18
google.golang.org/grpc/stats/opentelemetry/client_tracing.go:76.8,78.3 1 2
google.golang.org/grpc/stats/opentelemetry/client_tracing.go:79.2,79.10 1 20
google.golang.org/grpc/stats/opentelemetry/client_tracing.go:90.126,96.106 3 28
google.golang.org/grpc/stats/opentelemetry/client_tracing.go:96.106,98.3 1 4
google.golang.org/grpc/stats/opentelemetry/client_tracing.go:99.2,105.26 7 28
google.golang.org/grpc/stats/opentelemetry/client_tracing.go:110.118,115.2 4 20
google.golang.org/grpc/stats/opentelemetry/client_tracing.go:118.99,120.2 1 14
google.golang.org/grpc/stats/opentelemetry/client_tracing.go:123.78,123.79 0 28
google.golang.org/grpc/stats/opentelemetry/client_tracing.go:126.100,129.15 3 28
google.golang.org/grpc/stats/opentelemetry/client_tracing.go:129.15,132.3 2 0
google.golang.org/grpc/stats/opentelemetry/client_tracing.go:133.2,134.42 2 28
google.golang.org/grpc/stats/opentelemetry/client_tracing.go:138.82,140.15 2 158
google.golang.org/grpc/stats/opentelemetry/client_tracing.go:140.15,143.3 2 0
google.golang.org/grpc/stats/opentelemetry/client_tracing.go:146.2,146.40 1 158
google.golang.org/grpc/stats/opentelemetry/client_tracing.go:146.40,153.3 3 28
google.golang.org/grpc/stats/opentelemetry/client_tracing.go:154.2,154.25 1 158
google.golang.org/grpc/stats/opentelemetry/grpc_trace_bin_propagator.go:43.99,45.33 2 28
google.golang.org/grpc/stats/opentelemetry/grpc_trace_bin_propagator.go:45.33,47.3 1 2
google.golang.org/grpc/stats/opentelemetry/grpc_trace_bin_propagator.go:49.2,50.48 2 26
google.golang.org/grpc/stats/opentelemetry/grpc_trace_bin_propagator.go:61.116,63.13 2 28
google.golang.org/grpc/stats/opentelemetry/grpc_trace_bin_propagator.go:63.13,65.3 1 2
google.golang.org/grpc/stats/opentelemetry/grpc_trace_bin_propagator.go:67.2,68.9 2 26
google.golang.org/grpc/stats/opentelemetry/grpc_trace_bin_propagator.go:68.9,70.3 1 0
google.golang.org/grpc/stats/opentelemetry/grpc_trace_bin_propagator.go:71.2,71.56 1 26
google.golang.org/grpc/stats/opentelemetry/grpc_trace_bin_propagator.go:79.49,81.2 1 0
google.golang.org/grpc/stats/opentelemetry/grpc_trace_bin_propagator.go:86.48,87.39 1 36
google.golang.org/grpc/stats/opentelemetry/grpc_trace_bin_propagator.go:87.39,89.3 1 4
google.golang.org/grpc/stats/opentelemetry/grpc_trace_bin_propagator.go:90.2,98.13 9 32
google.golang.org/grpc/stats/opentelemetry/grpc_trace_bin_propagator.go:110.57,111.72 1 40
google.golang.org/grpc/stats/opentelemetry/grpc_trace_bin_propagator.go:111.72,113.3 1 10
google.golang.org/grpc/stats/opentelemetry/grpc_trace_bin_propagator.go:115.2,118.54 1 30
google.golang.org/grpc/stats/opentelemetry/opentelemetry.go:45.13,46.80 1 1
google.golang.org/grpc/stats/opentelemetry/opentelemetry.go:46.80,49.90 2 0
google.golang.org/grpc/stats/opentelemetry/opentelemetry.go:49.90,51.4 1 0
google.golang.org/grpc/stats/opentelemetry/opentelemetry.go:69.43,71.2 1 38
google.golang.org/grpc/stats/opentelemetry/opentelemetry.go:73.43,75.2 1 38
google.golang.org/grpc/stats/opentelemetry/opentelemetry.go:124.44,127.26 2 20
google.golang.org/grpc/stats/opentelemetry/opentelemetry.go:127.26,131.3 3 20
google.golang.org/grpc/stats/opentelemetry/opentelemetry.go:132.2,132.26 1 20
google.golang.org/grpc/stats/opentelemetry/opentelemetry.go:132.26,136.3 3 14
google.golang.org/grpc/stats/opentelemetry/opentelemetry.go:137.2,137.64 1 20
google.golang.org/grpc/stats/opentelemetry/opentelemetry.go:157.48,160.26 2 18
google.golang.org/grpc/stats/opentelemetry/opentelemetry.go:160.26,164.3 3 18
google.golang.org/grpc/stats/opentelemetry/opentelemetry.go:165.2,165.26 1 18
google.golang.org/grpc/stats/opentelemetry/opentelemetry.go:165.26,169.3 3 14
google.golang.org/grpc/stats/opentelemetry/opentelemetry.go:170.2,170.66 1 18
google.golang.org/grpc/stats/opentelemetry/opentelemetry.go:189.69,191.2 1 39
google.golang.org/grpc/stats/opentelemetry/opentelemetry.go:195.49,198.2 2 237
google.golang.org/grpc/stats/opentelemetry/opentelemetry.go:208.67,210.2 1 238
google.golang.org/grpc/stats/opentelemetry/opentelemetry.go:214.47,217.2 2 932
google.golang.org/grpc/stats/opentelemetry/opentelemetry.go:219.43,221.2 1 144
google.golang.org/grpc/stats/opentelemetry/opentelemetry.go:273.164,274.44 1 56
google.golang.org/grpc/stats/opentelemetry/opentelemetry.go:274.44,276.3 1 0
google.golang.org/grpc/stats/opentelemetry/opentelemetry.go:277.2,278.16 2 56
google.golang.org/grpc/stats/opentelemetry/opentelemetry.go:278.16,281.3 2 0
google.golang.org/grpc/stats/opentelemetry/opentelemetry.go:282.2,282.12 1 56
google.golang.org/grpc/stats/opentelemetry/opentelemetry.go:285.182,286.44 1 0
google.golang.org/grpc/stats/opentelemetry/opentelemetry.go:286.44,288.3 1 0
google.golang.org/grpc/stats/opentelemetry/opentelemetry.go:289.2,290.16 2 0
google.golang.org/grpc/stats/opentelemetry/opentelemetry.go:290.16,293.3 2 0
google.golang.org/grpc/stats/opentelemetry/opentelemetry.go:294.2,294.12 1 0
google.golang.org/grpc/stats/opentelemetry/opentelemetry.go:297.170,298.44 1 4
google.golang.org/grpc/stats/opentelemetry/opentelemetry.go:298.44,300.3 1 0
google.golang.org/grpc/stats/opentelemetry/opentelemetry.go:301.2,302.16 2 4
google.golang.org/grpc/stats/opentelemetry/opentelemetry.go:302.16,305.3 2 0
google.golang.org/grpc/stats/opentelemetry/opentelemetry.go:306.2,306.12 1 4
google.golang.org/grpc/stats/opentelemetry/opentelemetry.go:309.170,310.44 1 88
google.golang.org/grpc/stats/opentelemetry/opentelemetry.go:310.44,312.3 1 0
google.golang.org/grpc/stats/opentelemetry/opentelemetry.go:313.2,314.16 2 88
google.golang.org/grpc/stats/opentelemetry/opentelemetry.go:314.16,317.3 2 0
google.golang.org/grpc/stats/opentelemetry/opentelemetry.go:318.2,318.12 1 88
google.golang.org/grpc/stats/opentelemetry/opentelemetry.go:321.176,322.44 1 70
google.golang.org/grpc/stats/opentelemetry/opentelemetry.go:322.44,324.3 1 0
google.golang.org/grpc/stats/opentelemetry/opentelemetry.go:325.2,326.16 2 70
google.golang.org/grpc/stats/opentelemetry/opentelemetry.go:326.16,329.3 2 0
google.golang.org/grpc/stats/opentelemetry/opentelemetry.go:330.2,330.12 1 70
google.golang.org/grpc/stats/opentelemetry/opentelemetry.go:333.158,334.44 1 4
google.golang.org/grpc/stats/opentelemetry/opentelemetry.go:334.44,336.3 1 0
google.golang.org/grpc/stats/opentelemetry/opentelemetry.go:337.2,338.16 2 4
google.golang.org/grpc/stats/opentelemetry/opentelemetry.go:338.16,341.3 2 0
google.golang.org/grpc/stats/opentelemetry/opentelemetry.go:342.2,342.12 1 4
google.golang.org/grpc/stats/opentelemetry/opentelemetry.go:345.146,350.34 2 54
google.golang.org/grpc/stats/opentelemetry/opentelemetry.go:350.34,352.3 1 54
google.golang.org/grpc/stats/opentelemetry/opentelemetry.go:354.2,354.42 1 54
google.golang.org/grpc/stats/opentelemetry/opentelemetry.go:354.42,355.43 1 54
google.golang.org/grpc/stats/opentelemetry/opentelemetry.go:355.43,356.25 1 82
google.golang.org/grpc/stats/opentelemetry/opentelemetry.go:356.25,358.5 1 34
google.golang.org/grpc/stats/opentelemetry/opentelemetry.go:361.2,361.73 1 54
google.golang.org/grpc/stats/opentelemetry/opentelemetry.go:377.94,385.40 7 42
google.golang.org/grpc/stats/opentelemetry/opentelemetry.go:385.40,387.18 2 410
google.golang.org/grpc/stats/opentelemetry/opentelemetry.go:387.18,391.12 1 378
google.golang.org/grpc/stats/opentelemetry/opentelemetry.go:393.3,393.20 1 32
google.golang.org/grpc/stats/opentelemetry/opentelemetry.go:394.34,395.158 1 14
google.golang.org/grpc/stats/opentelemetry/opentelemetry.go:396.36,397.162 1 4
google.golang.org/grpc/stats/opentelemetry/opentelemetry.go:398.34,399.217 1 4
google.golang.org/grpc/stats/opentelemetry/opentelemetry.go:400.36,401.221 1 6
google.golang.org/grpc/stats/opentelemetry/opentelemetry.go:402.34,403.156 1 4
google.golang.org/grpc/stats/opentelemetry/opentelemetry.go:404.40,405.170 1 0
google.golang.org/grpc/stats/opentelemetry/opentelemetry.go:410.108,412.38 2 54
google.golang.org/grpc/stats/opentelemetry/opentelemetry.go:412.38,415.3 2 24
google.golang.org/grpc/stats/opentelemetry/opentelemetry.go:418.120,420.44 2 0
google.golang.org/grpc/stats/opentelemetry/opentelemetry.go:420.44,423.3 2 0
google.golang.org/grpc/stats/opentelemetry/opentelemetry.go:426.114,428.40 2 4
google.golang.org/grpc/stats/opentelemetry/opentelemetry.go:428.40,431.3 2 4
google.golang.org/grpc/stats/opentelemetry/opentelemetry.go:434.108,436.38 2 4
google.golang.org/grpc/stats/opentelemetry/opentelemetry.go:436.38,439.3 2 4
google.golang.org/grpc/stats/opentelemetry/opentelemetry.go:442.114,444.40 2 14
google.golang.org/grpc/stats/opentelemetry/opentelemetry.go:444.40,447.3 2 14
google.golang.org/grpc/stats/opentelemetry/opentelemetry.go:450.108,452.38 2 8
google.golang.org/grpc/stats/opentelemetry/opentelemetry.go:452.38,455.3 2 8
google.golang.org/grpc/stats/opentelemetry/opentelemetry.go:475.40,477.2 1 24
google.golang.org/grpc/stats/opentelemetry/server_metrics.go:41.52,44.51 1 20
google.golang.org/grpc/stats/opentelemetry/server_metrics.go:44.51,46.3 1 0
google.golang.org/grpc/stats/opentelemetry/server_metrics.go:48.2,49.18 2 20
google.golang.org/grpc/stats/opentelemetry/server_metrics.go:49.18,51.3 1 0
google.golang.org/grpc/stats/opentelemetry/server_metrics.go:52.2,53.20 2 20
google.golang.org/grpc/stats/opentelemetry/server_metrics.go:53.20,55.3 1 0
google.golang.org/grpc/stats/opentelemetry/server_metrics.go:57.2,66.36 7 20
google.golang.org/grpc/stats/opentelemetry/server_metrics.go:78.71,79.34 1 12
google.golang.org/grpc/stats/opentelemetry/server_metrics.go:79.34,81.3 1 0
google.golang.org/grpc/stats/opentelemetry/server_metrics.go:82.2,82.46 1 12
google.golang.org/grpc/stats/opentelemetry/server_metrics.go:85.72,86.34 1 0
google.golang.org/grpc/stats/opentelemetry/server_metrics.go:86.34,88.3 1 0
google.golang.org/grpc/stats/opentelemetry/server_metrics.go:90.2,90.47 1 0
google.golang.org/grpc/stats/opentelemetry/server_metrics.go:93.144,95.50 2 18
google.golang.org/grpc/stats/opentelemetry/server_metrics.go:95.50,97.3 1 0
google.golang.org/grpc/stats/opentelemetry/server_metrics.go:99.2,108.16 5 18
google.golang.org/grpc/stats/opentelemetry/server_metrics.go:108.16,109.38 1 6
google.golang.org/grpc/stats/opentelemetry/server_metrics.go:109.38,111.4 1 6
google.golang.org/grpc/stats/opentelemetry/server_metrics.go:112.8,113.38 1 12
google.golang.org/grpc/stats/opentelemetry/server_metrics.go:113.38,115.4 1 12
google.golang.org/grpc/stats/opentelemetry/server_metrics.go:118.2,118.17 1 18
google.golang.org/grpc/stats/opentelemetry/server_metrics.go:131.62,132.34 1 0
google.golang.org/grpc/stats/opentelemetry/server_metrics.go:132.34,134.3 1 0
google.golang.org/grpc/stats/opentelemetry/server_metrics.go:136.2,136.37 1 0
google.golang.org/grpc/stats/opentelemetry/server_metrics.go:139.63,140.34 1 0
google.golang.org/grpc/stats/opentelemetry/server_metrics.go:140.34,142.3 1 0
google.golang.org/grpc/stats/opentelemetry/server_metrics.go:144.2,144.38 1 0
google.golang.org/grpc/stats/opentelemetry/server_metrics.go:147.51,148.34 1 0
google.golang.org/grpc/stats/opentelemetry/server_metrics.go:148.34,150.3 1 0
google.golang.org/grpc/stats/opentelemetry/server_metrics.go:151.2,151.34 1 0
google.golang.org/grpc/stats/opentelemetry/server_metrics.go:154.141,156.50 2 20
google.golang.org/grpc/stats/opentelemetry/server_metrics.go:156.50,158.3 1 0
google.golang.org/grpc/stats/opentelemetry/server_metrics.go:159.2,167.32 3 20
google.golang.org/grpc/stats/opentelemetry/server_metrics.go:167.32,169.3 1 20
google.golang.org/grpc/stats/opentelemetry/server_metrics.go:170.2,170.12 1 20
google.golang.org/grpc/stats/opentelemetry/server_metrics.go:174.99,176.2 1 22
google.golang.org/grpc/stats/opentelemetry/server_metrics.go:179.78,179.79 0 44
google.golang.org/grpc/stats/opentelemetry/server_metrics.go:182.100,184.59 2 44
google.golang.org/grpc/stats/opentelemetry/server_metrics.go:184.59,185.62 1 4
google.golang.org/grpc/stats/opentelemetry/server_metrics.go:185.62,187.4 1 2
google.golang.org/grpc/stats/opentelemetry/server_metrics.go:189.2,190.19 2 44
google.golang.org/grpc/stats/opentelemetry/server_metrics.go:190.19,193.3 2 0
google.golang.org/grpc/stats/opentelemetry/server_metrics.go:193.8,195.42 2 44
google.golang.org/grpc/stats/opentelemetry/server_metrics.go:195.42,197.4 1 8
google.golang.org/grpc/stats/opentelemetry/server_metrics.go:199.2,203.42 4 44
google.golang.org/grpc/stats/opentelemetry/server_metrics.go:207.82,209.15 2 214
google.golang.org/grpc/stats/opentelemetry/server_metrics.go:209.15,212.3 2 0
google.golang.org/grpc/stats/opentelemetry/server_metrics.go:213.2,213.34 1 214
google.golang.org/grpc/stats/opentelemetry/server_metrics.go:216.103,217.24 1 214
google.golang.org/grpc/stats/opentelemetry/server_metrics.go:218.23,219.83 1 44
google.golang.org/grpc/stats/opentelemetry/server_metrics.go:219.83,221.21 2 0
google.golang.org/grpc/stats/opentelemetry/server_metrics.go:221.21,223.5 1 0
google.golang.org/grpc/stats/opentelemetry/server_metrics.go:224.4,224.34 1 0
google.golang.org/grpc/stats/opentelemetry/server_metrics.go:226.3,229.49 2 44
google.golang.org/grpc/stats/opentelemetry/server_metrics.go:230.25,231.71 1 12
google.golang.org/grpc/stats/opentelemetry/server_metrics.go:232.24,233.71 1 26
google.golang.org/grpc/stats/opentelemetry/server_metrics.go:234.18,235.31 1 38
google.golang.org/grpc/stats/opentelemetry/server_metrics.go:236.10,236.10 0 94
google.golang.org/grpc/stats/opentelemetry/server_metrics.go:240.98,243.20 3 38
google.golang.org/grpc/stats/opentelemetry/server_metrics.go:243.20,246.3 2 10
google.golang.org/grpc/stats/opentelemetry/server_metrics.go:247.2,251.42 2 38
google.golang.org/grpc/stats/opentelemetry/server_metrics.go:251.42,253.3 1 0
google.golang.org/grpc/stats/opentelemetry/server_metrics.go:256.2,259.116 4 38
google.golang.org/grpc/stats/opentelemetry/server_tracing.go:34.51,35.50 1 14
google.golang.org/grpc/stats/opentelemetry/server_tracing.go:35.50,38.3 2 0
google.golang.org/grpc/stats/opentelemetry/server_tracing.go:42.97,46.2 3 28
google.golang.org/grpc/stats/opentelemetry/server_tracing.go:55.114,66.2 7 28
google.golang.org/grpc/stats/opentelemetry/server_tracing.go:69.82,71.15 2 150
google.golang.org/grpc/stats/opentelemetry/server_tracing.go:71.15,74.3 2 0
google.golang.org/grpc/stats/opentelemetry/server_tracing.go:75.2,75.25 1 150
google.golang.org/grpc/stats/opentelemetry/server_tracing.go:79.99,81.2 1 18
google.golang.org/grpc/stats/opentelemetry/server_tracing.go:84.78,84.79 0 36
google.golang.org/grpc/stats/opentelemetry/trace.go:31.55,32.38 1 308
google.golang.org/grpc/stats/opentelemetry/trace.go:32.38,37.3 2 0
google.golang.org/grpc/stats/opentelemetry/trace.go:38.2,40.25 2 308
google.golang.org/grpc/stats/opentelemetry/trace.go:41.34,42.44 1 4
google.golang.org/grpc/stats/opentelemetry/trace.go:43.24,50.39 2 30
google.golang.org/grpc/stats/opentelemetry/trace.go:50.39,52.4 1 4
google.golang.org/grpc/stats/opentelemetry/trace.go:53.3,54.20 2 30
google.golang.org/grpc/stats/opentelemetry/trace.go:55.25,60.39 2 34
google.golang.org/grpc/stats/opentelemetry/trace.go:60.39,62.4 1 4
google.golang.org/grpc/stats/opentelemetry/trace.go:63.3,64.20 2 34
google.golang.org/grpc/stats/opentelemetry/trace.go:65.18,66.22 1 56
google.golang.org/grpc/stats/opentelemetry/trace.go:66.22,69.4 2 20
google.golang.org/grpc/stats/opentelemetry/trace.go:69.9,71.4 1 36
google.golang.org/grpc/stats/opentelemetry/trace.go:72.3,72.13 1 56
